<!DOCTYPE html PUBLIC "-//W3C//DTD XHTML 1.0 Transitional//EN" "http://www.w3.org/TR/xhtml1/DTD/xhtml1-transitional.dtd">
<!-- Generated by Apache Maven Doxia at 16 мая 2020 г. -->
<html xmlns="http://www.w3.org/1999/xhtml" xml:lang="ru" lang="ru">
  <head>
    <meta http-equiv="Content-Type" content="text/html; charset=${outputEncoding}" />
    <title>Surefire Report</title>
    <style type="text/css" media="all">
      @import url("./css/maven-base.css");
      @import url("./css/maven-theme.css");
      @import url("./css/site.css");
    </style>
    <link rel="stylesheet" href="./css/print.css" type="text/css" media="print" />
    <meta name="Date-Revision-yyyymmdd" content="20200516" />
    <meta http-equiv="Content-Language" content="ru" />
        
  </head>
  <body class="composite">
    <div id="banner">
                      <div class="clear">
        <hr/>
      </div>
    </div>
    <div id="breadcrumbs">
            
        
                <div class="xleft">
        <span id="publishDate">Last Published: 2020-05-16</span>
                  &nbsp;| <span id="projectVersion">Version: ${project.version}</span>
                      </div>
            <div class="xright">        
        
      </div>
      <div class="clear">
        <hr/>
      </div>
    </div>
    <div id="leftColumn">
      <div id="navcolumn">
             
        
                                      <a href="http://maven.apache.org/" title="Built by Maven" class="poweredBy">
        <img class="poweredBy" alt="Built by Maven" src="./images/logos/maven-feather.png" />
      </a>
                   
        
            </div>
    </div>
    <div id="bodyColumn">
      <div id="contentBox">
        <script type="text/javascript">
//<![CDATA[
function toggleDisplay(elementId) {
 var elm = document.getElementById(elementId + 'error');
 if (elm && typeof elm.style != "undefined") {
 if (elm.style.display == "none") {
 elm.style.display = "";
 document.getElementById(elementId + 'off').style.display = "none";
 document.getElementById(elementId + 'on').style.display = "inline";
 } else if (elm.style.display == "") { elm.style.display = "none";
 document.getElementById(elementId + 'off').style.display = "inline";
 document.getElementById(elementId + 'on').style.display = "none";
 } 
 } 
 }
//]]>
</script><div class="section"><h2>Surefire Report<a name="Surefire_Report"></a></h2></div><div class="section"><h2>Summary<a name="Summary"></a></h2><a name="Summary"></a><p>[<a href="#Summary">Summary</a>] [<a href="#Package_List">Package List</a>] [<a href="#Test_Cases">Test Cases</a>]</p><br /><table border="1" class="bodyTable"><tr class="a"><th>Tests</th><th>Errors </th><th>Failures</th><th>Skipped</th><th>Success Rate</th><th>Time</th></tr><tr class="b"><td>25</td><td>20</td><td>0</td><td>0</td><td>20%</td><td>28,81</td></tr></table><br /><p>Note: failures are anticipated and checked for with assertions while errors are unanticipated.</p><br /></div><div class="section"><h2>Package List<a name="Package_List"></a></h2><a name="Package_List"></a><p>[<a href="#Summary">Summary</a>] [<a href="#Package_List">Package List</a>] [<a href="#Test_Cases">Test Cases</a>]</p><br /><table border="1" class="bodyTable"><tr class="a"><th>Package</th><th>Tests</th><th>Errors </th><th>Failures</th><th>Skipped</th><th>Success Rate</th><th>Time</th></tr><tr class="b"><td><a href="#com.task.integration.ruby">com.task.integration.ruby</a></td><td>5</td><td>5</td><td>0</td><td>0</td><td>0%</td><td>7,56</td></tr><tr class="a"><td><a href="#com.task.integration.groovy">com.task.integration.groovy</a></td><td>5</td><td>5</td><td>0</td><td>0</td><td>0%</td><td>6,675</td></tr><tr class="b"><td><a href="#com.task.integration.python">com.task.integration.python</a></td><td>5</td><td>5</td><td>0</td><td>0</td><td>0%</td><td>6,189</td></tr><tr class="a"><td><a href="#com.task.integration.java">com.task.integration.java</a></td><td>5</td><td>0</td><td>0</td><td>0</td><td>100%</td><td>1,247</td></tr><tr class="b"><td><a href="#com.task.integration.javascript">com.task.integration.javascript</a></td><td>5</td><td>5</td><td>0</td><td>0</td><td>0%</td><td>7,139</td></tr></table><br /><p>Note: package statistics are not computed recursively, they only sum up all of its testsuites numbers.</p><div class="section"><h3>com.task.integration.ruby<a name="com.task.integration.ruby"></a></h3><a name="com.task.integration.ruby"></a><table border="1" class="bodyTable"><tr class="a"><th></th><th>Class</th><th>Tests</th><th>Errors </th><th>Failures</th><th>Skipped</th><th>Success Rate</th><th>Time</th></tr><tr class="b"><td><a href="#com.task.integration.rubyRubyIntegrationTests"><img src="images/icon_error_sml.gif" alt="" /></a></td><td><a href="#com.task.integration.rubyRubyIntegrationTests">RubyIntegrationTests</a></td><td>5</td><td>5</td><td>0</td><td>0</td><td>0%</td><td>7,56</td></tr></table></div><div class="section"><h3>com.task.integration.groovy<a name="com.task.integration.groovy"></a></h3><a name="com.task.integration.groovy"></a><table border="1" class="bodyTable"><tr class="a"><th></th><th>Class</th><th>Tests</th><th>Errors </th><th>Failures</th><th>Skipped</th><th>Success Rate</th><th>Time</th></tr><tr class="b"><td><a href="#com.task.integration.groovyGroovyIntegrationTests"><img src="images/icon_error_sml.gif" alt="" /></a></td><td><a href="#com.task.integration.groovyGroovyIntegrationTests">GroovyIntegrationTests</a></td><td>5</td><td>5</td><td>0</td><td>0</td><td>0%</td><td>6,675</td></tr></table></div><div class="section"><h3>com.task.integration.python<a name="com.task.integration.python"></a></h3><a name="com.task.integration.python"></a><table border="1" class="bodyTable"><tr class="a"><th></th><th>Class</th><th>Tests</th><th>Errors </th><th>Failures</th><th>Skipped</th><th>Success Rate</th><th>Time</th></tr><tr class="b"><td><a href="#com.task.integration.pythonPythonIntegrationTests"><img src="images/icon_error_sml.gif" alt="" /></a></td><td><a href="#com.task.integration.pythonPythonIntegrationTests">PythonIntegrationTests</a></td><td>5</td><td>5</td><td>0</td><td>0</td><td>0%</td><td>6,189</td></tr></table></div><div class="section"><h3>com.task.integration.java<a name="com.task.integration.java"></a></h3><a name="com.task.integration.java"></a><table border="1" class="bodyTable"><tr class="a"><th></th><th>Class</th><th>Tests</th><th>Errors </th><th>Failures</th><th>Skipped</th><th>Success Rate</th><th>Time</th></tr><tr class="b"><td><a href="#com.task.integration.javaBasicIntegrationTest"><img src="images/icon_success_sml.gif" alt="" /></a></td><td><a href="#com.task.integration.javaBasicIntegrationTest">BasicIntegrationTest</a></td><td>3</td><td>0</td><td>0</td><td>0</td><td>100%</td><td>1,054</td></tr><tr class="a"><td><a href="#com.task.integration.javaModuleIntegrationTest"><img src="images/icon_success_sml.gif" alt="" /></a></td><td><a href="#com.task.integration.javaModuleIntegrationTest">ModuleIntegrationTest</a></td><td>2</td><td>0</td><td>0</td><td>0</td><td>100%</td><td>0,193</td></tr></table></div><div class="section"><h3>com.task.integration.javascript<a name="com.task.integration.javascript"></a></h3><a name="com.task.integration.javascript"></a><table border="1" class="bodyTable"><tr class="a"><th></th><th>Class</th><th>Tests</th><th>Errors </th><th>Failures</th><th>Skipped</th><th>Success Rate</th><th>Time</th></tr><tr class="b"><td><a href="#com.task.integration.javascriptJavaScriptIntegrationTests"><img src="images/icon_error_sml.gif" alt="" /></a></td><td><a href="#com.task.integration.javascriptJavaScriptIntegrationTests">JavaScriptIntegrationTests</a></td><td>5</td><td>5</td><td>0</td><td>0</td><td>0%</td><td>7,139</td></tr></table></div><br /></div><div class="section"><h2>Test Cases<a name="Test_Cases"></a></h2><a name="Test_Cases"></a><p>[<a href="#Summary">Summary</a>] [<a href="#Package_List">Package List</a>] [<a href="#Test_Cases">Test Cases</a>]</p><div class="section"><h3>GroovyIntegrationTests<a name="GroovyIntegrationTests"></a></h3><a name="com.task.integration.groovyGroovyIntegrationTests"></a><table border="1" class="bodyTable"><tr class="a"><td><a href="#com.task.integration.groovy.GroovyIntegrationTests.src\test\resources\integration_tests\groovy|BasicIntegrationTest.groovy|testHTTP"><img src="images/icon_error_sml.gif" alt="" /></a></td><td><a href="#com.task.integration.groovy.GroovyIntegrationTests.src\test\resources\integration_tests\groovy|BasicIntegrationTest.groovy|testHTTP">src\test\resources\integration_tests\groovy|BasicIntegrationTest.groovy|testHTTP</a><div class="detailToggle" style="display:inline"><a href="javascript:toggleDisplay(&apos;com_task_integration_groovy_GroovyIntegrationTests_src\test\resources\integration_tests\groovy|BasicIntegrationTest_groovy|testHTTP&apos;);"><span style="display:inline;" id="com_task_integration_groovy_GroovyIntegrationTests_src\test\resources\integration_tests\groovy|BasicIntegrationTest_groovy|testHTTPoff"> + </span><span style="display:none;" id="com_task_integration_groovy_GroovyIntegrationTests_src\test\resources\integration_tests\groovy|BasicIntegrationTest_groovy|testHTTPon"> - </span>[ Detail ]</a></div></td><td>1,803</td></tr><tr class="b"><td></td><td>Module io.vertx~lang-groovy~2.1.1-final not found in any repositories</td><td></td></tr><tr class="a"><td></td><td><div id="com_task_integration_groovy_GroovyIntegrationTests_src\test\resources\integration_tests\groovy|BasicIntegrationTest_groovy|testHTTPerror" style="display:none;"><div><pre>org.vertx.java.platform.PlatformManagerException: Module io.vertx~lang-groovy~2.1.1-final not found in any repositoriesat org.vertx.java.platform.impl.DefaultPlatformManager.getModule(DefaultPlatformManager.java:1451)at org.vertx.java.platform.impl.DefaultPlatformManager.doInstallMod(DefaultPlatformManager.java:1440)at org.vertx.java.platform.impl.DefaultPlatformManager.doLoadIncludedModules(DefaultPlatformManager.java:1311)at org.vertx.java.platform.impl.DefaultPlatformManager.loadIncludedModules(DefaultPlatformManager.java:1294)at org.vertx.java.platform.impl.DefaultPlatformManager.doDeploy(DefaultPlatformManager.java:1704)at org.vertx.java.platform.impl.DefaultPlatformManager.doDeployVerticle(DefaultPlatformManager.java:896)at org.vertx.java.platform.impl.DefaultPlatformManager.access$1500(DefaultPlatformManager.java:59)at org.vertx.java.platform.impl.DefaultPlatformManager$16.run(DefaultPlatformManager.java:522)at org.vertx.java.platform.impl.DefaultPlatformManager$15.run(DefaultPlatformManager.java:489)at java.base/java.util.concurrent.ThreadPoolExecutor.runWorker(ThreadPoolExecutor.java:1128)at java.base/java.util.concurrent.ThreadPoolExecutor$Worker.run(ThreadPoolExecutor.java:628)at java.base/java.lang.Thread.run(Thread.java:834)</pre></div></div></td><td></td></tr><tr class="b"><td><a href="#com.task.integration.groovy.GroovyIntegrationTests.src\test\resources\integration_tests\groovy|BasicIntegrationTest.groovy|testDeployArbitraryVerticle"><img src="images/icon_error_sml.gif" alt="" /></a></td><td><a href="#com.task.integration.groovy.GroovyIntegrationTests.src\test\resources\integration_tests\groovy|BasicIntegrationTest.groovy|testDeployArbitraryVerticle">src\test\resources\integration_tests\groovy|BasicIntegrationTest.groovy|testDeployArbitraryVerticle</a><div class="detailToggle" style="display:inline"><a href="javascript:toggleDisplay(&apos;com_task_integration_groovy_GroovyIntegrationTests_src\test\resources\integration_tests\groovy|BasicIntegrationTest_groovy|testDeployArbitraryVerticle&apos;);"><span style="display:inline;" id="com_task_integration_groovy_GroovyIntegrationTests_src\test\resources\integration_tests\groovy|BasicIntegrationTest_groovy|testDeployArbitraryVerticleoff"> + </span><span style="display:none;" id="com_task_integration_groovy_GroovyIntegrationTests_src\test\resources\integration_tests\groovy|BasicIntegrationTest_groovy|testDeployArbitraryVerticleon"> - </span>[ Detail ]</a></div></td><td>1,199</td></tr><tr class="a"><td></td><td>Module io.vertx~lang-groovy~2.1.1-final not found in any repositories</td><td></td></tr><tr class="b"><td></td><td><div id="com_task_integration_groovy_GroovyIntegrationTests_src\test\resources\integration_tests\groovy|BasicIntegrationTest_groovy|testDeployArbitraryVerticleerror" style="display:none;"><div><pre>org.vertx.java.platform.PlatformManagerException: Module io.vertx~lang-groovy~2.1.1-final not found in any repositoriesat org.vertx.java.platform.impl.DefaultPlatformManager.getModule(DefaultPlatformManager.java:1451)at org.vertx.java.platform.impl.DefaultPlatformManager.doInstallMod(DefaultPlatformManager.java:1440)at org.vertx.java.platform.impl.DefaultPlatformManager.doLoadIncludedModules(DefaultPlatformManager.java:1311)at org.vertx.java.platform.impl.DefaultPlatformManager.loadIncludedModules(DefaultPlatformManager.java:1294)at org.vertx.java.platform.impl.DefaultPlatformManager.doDeploy(DefaultPlatformManager.java:1704)at org.vertx.java.platform.impl.DefaultPlatformManager.doDeployVerticle(DefaultPlatformManager.java:896)at org.vertx.java.platform.impl.DefaultPlatformManager.access$1500(DefaultPlatformManager.java:59)at org.vertx.java.platform.impl.DefaultPlatformManager$16.run(DefaultPlatformManager.java:522)at org.vertx.java.platform.impl.DefaultPlatformManager$15.run(DefaultPlatformManager.java:489)at java.base/java.util.concurrent.ThreadPoolExecutor.runWorker(ThreadPoolExecutor.java:1128)at java.base/java.util.concurrent.ThreadPoolExecutor$Worker.run(ThreadPoolExecutor.java:628)at java.base/java.lang.Thread.run(Thread.java:834)</pre></div></div></td><td></td></tr><tr class="a"><td><a href="#com.task.integration.groovy.GroovyIntegrationTests.src\test\resources\integration_tests\groovy|BasicIntegrationTest.groovy|testCompleteOnTimer"><img src="images/icon_error_sml.gif" alt="" /></a></td><td><a href="#com.task.integration.groovy.GroovyIntegrationTests.src\test\resources\integration_tests\groovy|BasicIntegrationTest.groovy|testCompleteOnTimer">src\test\resources\integration_tests\groovy|BasicIntegrationTest.groovy|testCompleteOnTimer</a><div class="detailToggle" style="display:inline"><a href="javascript:toggleDisplay(&apos;com_task_integration_groovy_GroovyIntegrationTests_src\test\resources\integration_tests\groovy|BasicIntegrationTest_groovy|testCompleteOnTimer&apos;);"><span style="display:inline;" id="com_task_integration_groovy_GroovyIntegrationTests_src\test\resources\integration_tests\groovy|BasicIntegrationTest_groovy|testCompleteOnTimeroff"> + </span><span style="display:none;" id="com_task_integration_groovy_GroovyIntegrationTests_src\test\resources\integration_tests\groovy|BasicIntegrationTest_groovy|testCompleteOnTimeron"> - </span>[ Detail ]</a></div></td><td>1,216</td></tr><tr class="b"><td></td><td>Module io.vertx~lang-groovy~2.1.1-final not found in any repositories</td><td></td></tr><tr class="a"><td></td><td><div id="com_task_integration_groovy_GroovyIntegrationTests_src\test\resources\integration_tests\groovy|BasicIntegrationTest_groovy|testCompleteOnTimererror" style="display:none;"><div><pre>org.vertx.java.platform.PlatformManagerException: Module io.vertx~lang-groovy~2.1.1-final not found in any repositoriesat org.vertx.java.platform.impl.DefaultPlatformManager.getModule(DefaultPlatformManager.java:1451)at org.vertx.java.platform.impl.DefaultPlatformManager.doInstallMod(DefaultPlatformManager.java:1440)at org.vertx.java.platform.impl.DefaultPlatformManager.doLoadIncludedModules(DefaultPlatformManager.java:1311)at org.vertx.java.platform.impl.DefaultPlatformManager.loadIncludedModules(DefaultPlatformManager.java:1294)at org.vertx.java.platform.impl.DefaultPlatformManager.doDeploy(DefaultPlatformManager.java:1704)at org.vertx.java.platform.impl.DefaultPlatformManager.doDeployVerticle(DefaultPlatformManager.java:896)at org.vertx.java.platform.impl.DefaultPlatformManager.access$1500(DefaultPlatformManager.java:59)at org.vertx.java.platform.impl.DefaultPlatformManager$16.run(DefaultPlatformManager.java:522)at org.vertx.java.platform.impl.DefaultPlatformManager$15.run(DefaultPlatformManager.java:489)at java.base/java.util.concurrent.ThreadPoolExecutor.runWorker(ThreadPoolExecutor.java:1128)at java.base/java.util.concurrent.ThreadPoolExecutor$Worker.run(ThreadPoolExecutor.java:628)at java.base/java.lang.Thread.run(Thread.java:834)</pre></div></div></td><td></td></tr><tr class="b"><td><a href="#com.task.integration.groovy.GroovyIntegrationTests.src\test\resources\integration_tests\groovy|ModuleIntegrationTest.groovy|testPing"><img src="images/icon_error_sml.gif" alt="" /></a></td><td><a href="#com.task.integration.groovy.GroovyIntegrationTests.src\test\resources\integration_tests\groovy|ModuleIntegrationTest.groovy|testPing">src\test\resources\integration_tests\groovy|ModuleIntegrationTest.groovy|testPing</a><div class="detailToggle" style="display:inline"><a href="javascript:toggleDisplay(&apos;com_task_integration_groovy_GroovyIntegrationTests_src\test\resources\integration_tests\groovy|ModuleIntegrationTest_groovy|testPing&apos;);"><span style="display:inline;" id="com_task_integration_groovy_GroovyIntegrationTests_src\test\resources\integration_tests\groovy|ModuleIntegrationTest_groovy|testPingoff"> + </span><span style="display:none;" id="com_task_integration_groovy_GroovyIntegrationTests_src\test\resources\integration_tests\groovy|ModuleIntegrationTest_groovy|testPingon"> - </span>[ Detail ]</a></div></td><td>1,219</td></tr><tr class="a"><td></td><td>Module io.vertx~lang-groovy~2.1.1-final not found in any repositories</td><td></td></tr><tr class="b"><td></td><td><div id="com_task_integration_groovy_GroovyIntegrationTests_src\test\resources\integration_tests\groovy|ModuleIntegrationTest_groovy|testPingerror" style="display:none;"><div><pre>org.vertx.java.platform.PlatformManagerException: Module io.vertx~lang-groovy~2.1.1-final not found in any repositoriesat org.vertx.java.platform.impl.DefaultPlatformManager.getModule(DefaultPlatformManager.java:1451)	at org.vertx.java.platform.impl.DefaultPlatformManager.doInstallMod(DefaultPlatformManager.java:1440)at org.vertx.java.platform.impl.DefaultPlatformManager.doLoadIncludedModules(DefaultPlatformManager.java:1311)at org.vertx.java.platform.impl.DefaultPlatformManager.loadIncludedModules(DefaultPlatformManager.java:1294)at org.vertx.java.platform.impl.DefaultPlatformManager.doDeploy(DefaultPlatformManager.java:1704)at org.vertx.java.platform.impl.DefaultPlatformManager.doDeployVerticle(DefaultPlatformManager.java:896)at org.vertx.java.platform.impl.DefaultPlatformManager.access$1500(DefaultPlatformManager.java:59)at org.vertx.java.platform.impl.DefaultPlatformManager$16.run(DefaultPlatformManager.java:522)at org.vertx.java.platform.impl.DefaultPlatformManager$15.run(DefaultPlatformManager.java:489)at java.base/java.util.concurrent.ThreadPoolExecutor.runWorker(ThreadPoolExecutor.java:1128)at java.base/java.util.concurrent.ThreadPoolExecutor$Worker.run(ThreadPoolExecutor.java:628)at java.base/java.lang.Thread.run(Thread.java:834)</pre></div></div></td><td></td></tr><tr class="a"><td><a href="#com.task.integration.groovy.GroovyIntegrationTests.src\test\resources\integration_tests\groovy|ModuleIntegrationTest.groovy|testSomethingElse"><img src="images/icon_error_sml.gif" alt="" /></a></td><td><a href="#com.task.integration.groovy.GroovyIntegrationTests.src\test\resources\integration_tests\groovy|ModuleIntegrationTest.groovy|testSomethingElse">src\test\resources\integration_tests\groovy|ModuleIntegrationTest.groovy|testSomethingElse</a><div class="detailToggle" style="display:inline"><a href="javascript:toggleDisplay(&apos;com_task_integration_groovy_GroovyIntegrationTests_src\test\resources\integration_tests\groovy|ModuleIntegrationTest_groovy|testSomethingElse&apos;);"><span style="display:inline;" id="com_task_integration_groovy_GroovyIntegrationTests_src\test\resources\integration_tests\groovy|ModuleIntegrationTest_groovy|testSomethingElseoff"> + </span><span style="display:none;" id="com_task_integration_groovy_GroovyIntegrationTests_src\test\resources\integration_tests\groovy|ModuleIntegrationTest_groovy|testSomethingElseon"> - </span>[ Detail ]</a></div></td><td>1,238</td></tr><tr class="b"><td></td><td>Module io.vertx~lang-groovy~2.1.1-final not found in any repositories</td><td></td></tr><tr class="a"><td></td><td><div id="com_task_integration_groovy_GroovyIntegrationTests_src\test\resources\integration_tests\groovy|ModuleIntegrationTest_groovy|testSomethingElseerror" style="display:none;"><div><pre>org.vertx.java.platform.PlatformManagerException: Module io.vertx~lang-groovy~2.1.1-final not found in any repositoriesat org.vertx.java.platform.impl.DefaultPlatformManager.getModule(DefaultPlatformManager.java:1451)at org.vertx.java.platform.impl.DefaultPlatformManager.doInstallMod(DefaultPlatformManager.java:1440)at org.vertx.java.platform.impl.DefaultPlatformManager.doLoadIncludedModules(DefaultPlatformManager.java:1311)at org.vertx.java.platform.impl.DefaultPlatformManager.loadIncludedModules(DefaultPlatformManager.java:1294)at org.vertx.java.platform.impl.DefaultPlatformManager.doDeploy(DefaultPlatformManager.java:1704)at org.vertx.java.platform.impl.DefaultPlatformManager.doDeployVerticle(DefaultPlatformManager.java:896)at org.vertx.java.platform.impl.DefaultPlatformManager.access$1500(DefaultPlatformManager.java:59)at org.vertx.java.platform.impl.DefaultPlatformManager$16.run(DefaultPlatformManager.java:522)at org.vertx.java.platform.impl.DefaultPlatformManager$15.run(DefaultPlatformManager.java:489)at java.base/java.util.concurrent.ThreadPoolExecutor.runWorker(ThreadPoolExecutor.java:1128)at java.base/java.util.concurrent.ThreadPoolExecutor$Worker.run(ThreadPoolExecutor.java:628)at java.base/java.lang.Thread.run(Thread.java:834)</pre></div></div></td><td></td></tr></table></div><div class="section"><h3>BasicIntegrationTest<a name="BasicIntegrationTest"></a></h3><a name="com.task.integration.javaBasicIntegrationTest"></a><table border="1" class="bodyTable"><tr class="a"><td><img src="images/icon_success_sml.gif" alt="" /></td><td>testDeployArbitraryVerticle</td><td>0,001</td></tr><tr class="b"><td><img src="images/icon_success_sml.gif" alt="" /></td><td>testHTTP</td><td>0,044</td></tr><tr class="a"><td><img src="images/icon_success_sml.gif" alt="" /></td><td>testCompleteOnTimer</td><td>1,009</td></tr></table></div><div class="section"><h3>ModuleIntegrationTest<a name="ModuleIntegrationTest"></a></h3><a name="com.task.integration.javaModuleIntegrationTest"></a><table border="1" class="bodyTable"><tr class="a"><td><img src="images/icon_success_sml.gif" alt="" /></td><td>testSomethingElse</td><td>0,175</td></tr><tr class="b"><td><img src="images/icon_success_sml.gif" alt="" /></td><td>testPing</td><td>0,018</td></tr></table></div><div class="section"><h3>JavaScriptIntegrationTests<a name="JavaScriptIntegrationTests"></a></h3><a name="com.task.integration.javascriptJavaScriptIntegrationTests"></a><table border="1" class="bodyTable"><tr class="a"><td><a href="#com.task.integration.javascript.JavaScriptIntegrationTests.src\test\resources\integration_tests\javascript|basicIntegrationTest.js|testHTTP"><img src="images/icon_error_sml.gif" alt="" /></a></td><td><a href="#com.task.integration.javascript.JavaScriptIntegrationTests.src\test\resources\integration_tests\javascript|basicIntegrationTest.js|testHTTP">src\test\resources\integration_tests\javascript|basicIntegrationTest.js|testHTTP</a><div class="detailToggle" style="display:inline"><a href="javascript:toggleDisplay(&apos;com_task_integration_javascript_JavaScriptIntegrationTests_src\test\resources\integration_tests\javascript|basicIntegrationTest_js|testHTTP&apos;);"><span style="display:inline;" id="com_task_integration_javascript_JavaScriptIntegrationTests_src\test\resources\integration_tests\javascript|basicIntegrationTest_js|testHTTPoff"> + </span><span style="display:none;" id="com_task_integration_javascript_JavaScriptIntegrationTests_src\test\resources\integration_tests\javascript|basicIntegrationTest_js|testHTTPon"> - </span>[ Detail ]</a></div></td><td>1,244</td></tr><tr class="b"><td></td><td>Module io.vertx~lang-rhino~2.1.1 not found in any repositories</td><td></td></tr><tr class="a"><td></td><td><div id="com_task_integration_javascript_JavaScriptIntegrationTests_src\test\resources\integration_tests\javascript|basicIntegrationTest_js|testHTTPerror" style="display:none;"><div><pre>org.vertx.java.platform.PlatformManagerException: Module io.vertx~lang-rhino~2.1.1 not found in any repositoriesat org.vertx.java.platform.impl.DefaultPlatformManager.getModule(DefaultPlatformManager.java:1451)at org.vertx.java.platform.impl.DefaultPlatformManager.doInstallMod(DefaultPlatformManager.java:1440)at org.vertx.java.platform.impl.DefaultPlatformManager.doLoadIncludedModules(DefaultPlatformManager.java:1311)at org.vertx.java.platform.impl.DefaultPlatformManager.loadIncludedModules(DefaultPlatformManager.java:1294)at org.vertx.java.platform.impl.DefaultPlatformManager.doDeploy(DefaultPlatformManager.java:1704)at org.vertx.java.platform.impl.DefaultPlatformManager.doDeployVerticle(DefaultPlatformManager.java:896)at org.vertx.java.platform.impl.DefaultPlatformManager.access$1500(DefaultPlatformManager.java:59)at org.vertx.java.platform.impl.DefaultPlatformManager$16.run(DefaultPlatformManager.java:522)at org.vertx.java.platform.impl.DefaultPlatformManager$15.run(DefaultPlatformManager.java:489)at java.base/java.util.concurrent.ThreadPoolExecutor.runWorker(ThreadPoolExecutor.java:1128)at java.base/java.util.concurrent.ThreadPoolExecutor$Worker.run(ThreadPoolExecutor.java:628)at java.base/java.lang.Thread.run(Thread.java:834)</pre></div></div></td><td></td></tr><tr class="b"><td><a href="#com.task.integration.javascript.JavaScriptIntegrationTests.src\test\resources\integration_tests\javascript|basicIntegrationTest.js|testDeployArbitraryVerticle"><img src="images/icon_error_sml.gif" alt="" /></a></td><td><a href="#com.task.integration.javascript.JavaScriptIntegrationTests.src\test\resources\integration_tests\javascript|basicIntegrationTest.js|testDeployArbitraryVerticle">src\test\resources\integration_tests\javascript|basicIntegrationTest.js|testDeployArbitraryVerticle</a><div class="detailToggle" style="display:inline"><a href="javascript:toggleDisplay(&apos;com_task_integration_javascript_JavaScriptIntegrationTests_src\test\resources\integration_tests\javascript|basicIntegrationTest_js|testDeployArbitraryVerticle&apos;);"><span style="display:inline;" id="com_task_integration_javascript_JavaScriptIntegrationTests_src\test\resources\integration_tests\javascript|basicIntegrationTest_js|testDeployArbitraryVerticleoff"> + </span><span style="display:none;" id="com_task_integration_javascript_JavaScriptIntegrationTests_src\test\resources\integration_tests\javascript|basicIntegrationTest_js|testDeployArbitraryVerticleon"> - </span>[ Detail ]</a></div></td><td>1,225</td></tr><tr class="a"><td></td><td>Module io.vertx~lang-rhino~2.1.1 not found in any repositories</td><td></td></tr><tr class="b"><td></td><td><div id="com_task_integration_javascript_JavaScriptIntegrationTests_src\test\resources\integration_tests\javascript|basicIntegrationTest_js|testDeployArbitraryVerticleerror" style="display:none;"><div><pre>org.vertx.java.platform.PlatformManagerException: Module io.vertx~lang-rhino~2.1.1 not found in any repositoriesat org.vertx.java.platform.impl.DefaultPlatformManager.getModule(DefaultPlatformManager.java:1451)at org.vertx.java.platform.impl.DefaultPlatformManager.doInstallMod(DefaultPlatformManager.java:1440)at org.vertx.java.platform.impl.DefaultPlatformManager.doLoadIncludedModules(DefaultPlatformManager.java:1311)at org.vertx.java.platform.impl.DefaultPlatformManager.loadIncludedModules(DefaultPlatformManager.java:1294)at org.vertx.java.platform.impl.DefaultPlatformManager.doDeploy(DefaultPlatformManager.java:1704)at org.vertx.java.platform.impl.DefaultPlatformManager.doDeployVerticle(DefaultPlatformManager.java:896)at org.vertx.java.platform.impl.DefaultPlatformManager.access$1500(DefaultPlatformManager.java:59)at org.vertx.java.platform.impl.DefaultPlatformManager$16.run(DefaultPlatformManager.java:522)at org.vertx.java.platform.impl.DefaultPlatformManager$15.run(DefaultPlatformManager.java:489)at java.base/java.util.concurrent.ThreadPoolExecutor.runWorker(ThreadPoolExecutor.java:1128)at java.base/java.util.concurrent.ThreadPoolExecutor$Worker.run(ThreadPoolExecutor.java:628)at java.base/java.lang.Thread.run(Thread.java:834)</pre></div></div></td><td></td></tr><tr class="a"><td><a href="#com.task.integration.javascript.JavaScriptIntegrationTests.src\test\resources\integration_tests\javascript|basicIntegrationTest.js|testCompleteOnTimer"><img src="images/icon_error_sml.gif" alt="" /></a></td><td><a href="#com.task.integration.javascript.JavaScriptIntegrationTests.src\test\resources\integration_tests\javascript|basicIntegrationTest.js|testCompleteOnTimer">src\test\resources\integration_tests\javascript|basicIntegrationTest.js|testCompleteOnTimer</a><div class="detailToggle" style="display:inline"><a href="javascript:toggleDisplay(&apos;com_task_integration_javascript_JavaScriptIntegrationTests_src\test\resources\integration_tests\javascript|basicIntegrationTest_js|testCompleteOnTimer&apos;);"><span style="display:inline;" id="com_task_integration_javascript_JavaScriptIntegrationTests_src\test\resources\integration_tests\javascript|basicIntegrationTest_js|testCompleteOnTimeroff"> + </span><span style="display:none;" id="com_task_integration_javascript_JavaScriptIntegrationTests_src\test\resources\integration_tests\javascript|basicIntegrationTest_js|testCompleteOnTimeron"> - </span>[ Detail ]</a></div></td><td>1,266</td></tr><tr class="b"><td></td><td>Module io.vertx~lang-rhino~2.1.1 not found in any repositories</td><td></td></tr><tr class="a"><td></td><td><div id="com_task_integration_javascript_JavaScriptIntegrationTests_src\test\resources\integration_tests\javascript|basicIntegrationTest_js|testCompleteOnTimererror" style="display:none;"><div><pre>org.vertx.java.platform.PlatformManagerException: Module io.vertx~lang-rhino~2.1.1 not found in any repositoriesat org.vertx.java.platform.impl.DefaultPlatformManager.getModule(DefaultPlatformManager.java:1451)at org.vertx.java.platform.impl.DefaultPlatformManager.doInstallMod(DefaultPlatformManager.java:1440)at org.vertx.java.platform.impl.DefaultPlatformManager.doLoadIncludedModules(DefaultPlatformManager.java:1311)at org.vertx.java.platform.impl.DefaultPlatformManager.loadIncludedModules(DefaultPlatformManager.java:1294)at org.vertx.java.platform.impl.DefaultPlatformManager.doDeploy(DefaultPlatformManager.java:1704)at org.vertx.java.platform.impl.DefaultPlatformManager.doDeployVerticle(DefaultPlatformManager.java:896)at org.vertx.java.platform.impl.DefaultPlatformManager.access$1500(DefaultPlatformManager.java:59)at org.vertx.java.platform.impl.DefaultPlatformManager$16.run(DefaultPlatformManager.java:522)at org.vertx.java.platform.impl.DefaultPlatformManager$15.run(DefaultPlatformManager.java:489)at java.base/java.util.concurrent.ThreadPoolExecutor.runWorker(ThreadPoolExecutor.java:1128)at java.base/java.util.concurrent.ThreadPoolExecutor$Worker.run(ThreadPoolExecutor.java:628)at java.base/java.lang.Thread.run(Thread.java:834)</pre></div></div></td><td></td></tr><tr class="b"><td><a href="#com.task.integration.javascript.JavaScriptIntegrationTests.src\test\resources\integration_tests\javascript|moduleIntegrationTest.js|testPing"><img src="images/icon_error_sml.gif" alt="" /></a></td><td><a href="#com.task.integration.javascript.JavaScriptIntegrationTests.src\test\resources\integration_tests\javascript|moduleIntegrationTest.js|testPing">src\test\resources\integration_tests\javascript|moduleIntegrationTest.js|testPing</a><div class="detailToggle" style="display:inline"><a href="javascript:toggleDisplay(&apos;com_task_integration_javascript_JavaScriptIntegrationTests_src\test\resources\integration_tests\javascript|moduleIntegrationTest_js|testPing&apos;);"><span style="display:inline;" id="com_task_integration_javascript_JavaScriptIntegrationTests_src\test\resources\integration_tests\javascript|moduleIntegrationTest_js|testPingoff"> + </span><span style="display:none;" id="com_task_integration_javascript_JavaScriptIntegrationTests_src\test\resources\integration_tests\javascript|moduleIntegrationTest_js|testPingon"> - </span>[ Detail ]</a></div></td><td>1,215</td></tr><tr class="a"><td></td><td>Module io.vertx~lang-rhino~2.1.1 not found in any repositories</td><td></td></tr><tr class="b"><td></td><td><div id="com_task_integration_javascript_JavaScriptIntegrationTests_src\test\resources\integration_tests\javascript|moduleIntegrationTest_js|testPingerror" style="display:none;"><div><pre>org.vertx.java.platform.PlatformManagerException: Module io.vertx~lang-rhino~2.1.1 not found in any repositoriesat org.vertx.java.platform.impl.DefaultPlatformManager.getModule(DefaultPlatformManager.java:1451)at org.vertx.java.platform.impl.DefaultPlatformManager.doInstallMod(DefaultPlatformManager.java:1440)at org.vertx.java.platform.impl.DefaultPlatformManager.doLoadIncludedModules(DefaultPlatformManager.java:1311)at org.vertx.java.platform.impl.DefaultPlatformManager.loadIncludedModules(DefaultPlatformManager.java:1294)at org.vertx.java.platform.impl.DefaultPlatformManager.doDeploy(DefaultPlatformManager.java:1704)at org.vertx.java.platform.impl.DefaultPlatformManager.doDeployVerticle(DefaultPlatformManager.java:896)at org.vertx.java.platform.impl.DefaultPlatformManager.access$1500(DefaultPlatformManager.java:59)at org.vertx.java.platform.impl.DefaultPlatformManager$16.run(DefaultPlatformManager.java:522)at org.vertx.java.platform.impl.DefaultPlatformManager$15.run(DefaultPlatformManager.java:489)at java.base/java.util.concurrent.ThreadPoolExecutor.runWorker(ThreadPoolExecutor.java:1128)at java.base/java.util.concurrent.ThreadPoolExecutor$Worker.run(ThreadPoolExecutor.java:628)at java.base/java.lang.Thread.run(Thread.java:834)</pre></div></div></td><td></td></tr><tr class="a"><td><a href="#com.task.integration.javascript.JavaScriptIntegrationTests.src\test\resources\integration_tests\javascript|moduleIntegrationTest.js|testSomethingElse"><img src="images/icon_error_sml.gif" alt="" /></a></td><td><a href="#com.task.integration.javascript.JavaScriptIntegrationTests.src\test\resources\integration_tests\javascript|moduleIntegrationTest.js|testSomethingElse">src\test\resources\integration_tests\javascript|moduleIntegrationTest.js|testSomethingElse</a><div class="detailToggle" style="display:inline"><a href="javascript:toggleDisplay(&apos;com_task_integration_javascript_JavaScriptIntegrationTests_src\test\resources\integration_tests\javascript|moduleIntegrationTest_js|testSomethingElse&apos;);"><span style="display:inline;" id="com_task_integration_javascript_JavaScriptIntegrationTests_src\test\resources\integration_tests\javascript|moduleIntegrationTest_js|testSomethingElseoff"> + </span><span style="display:none;" id="com_task_integration_javascript_JavaScriptIntegrationTests_src\test\resources\integration_tests\javascript|moduleIntegrationTest_js|testSomethingElseon"> - </span>[ Detail ]</a></div></td><td>2,189</td></tr><tr class="b"><td></td><td>Module io.vertx~lang-rhino~2.1.1 not found in any repositories</td><td></td></tr><tr class="a"><td></td><td><div id="com_task_integration_javascript_JavaScriptIntegrationTests_src\test\resources\integration_tests\javascript|moduleIntegrationTest_js|testSomethingElseerror" style="display:none;"><div><pre>org.vertx.java.platform.PlatformManagerException: Module io.vertx~lang-rhino~2.1.1 not found in any repositoriesat org.vertx.java.platform.impl.DefaultPlatformManager.getModule(DefaultPlatformManager.java:1451)at org.vertx.java.platform.impl.DefaultPlatformManager.doInstallMod(DefaultPlatformManager.java:1440)at org.vertx.java.platform.impl.DefaultPlatformManager.doLoadIncludedModules(DefaultPlatformManager.java:1311)at org.vertx.java.platform.impl.DefaultPlatformManager.loadIncludedModules(DefaultPlatformManager.java:1294)at org.vertx.java.platform.impl.DefaultPlatformManager.doDeploy(DefaultPlatformManager.java:1704)at org.vertx.java.platform.impl.DefaultPlatformManager.doDeployVerticle(DefaultPlatformManager.java:896)at org.vertx.java.platform.impl.DefaultPlatformManager.access$1500(DefaultPlatformManager.java:59)at org.vertx.java.platform.impl.DefaultPlatformManager$16.run(DefaultPlatformManager.java:522)at org.vertx.java.platform.impl.DefaultPlatformManager$15.run(DefaultPlatformManager.java:489)at java.base/java.util.concurrent.ThreadPoolExecutor.runWorker(ThreadPoolExecutor.java:1128)at java.base/java.util.concurrent.ThreadPoolExecutor$Worker.run(ThreadPoolExecutor.java:628)at java.base/java.lang.Thread.run(Thread.java:834)</pre></div></div></td><td></td></tr></table></div><div class="section"><h3>PythonIntegrationTests<a name="PythonIntegrationTests"></a></h3><a name="com.task.integration.pythonPythonIntegrationTests"></a><table border="1" class="bodyTable"><tr class="a"><td><a href="#com.task.integration.python.PythonIntegrationTests.src\test\resources\integration_tests\python|basic_integration_test.py|test_http"><img src="images/icon_error_sml.gif" alt="" /></a></td><td><a href="#com.task.integration.python.PythonIntegrationTests.src\test\resources\integration_tests\python|basic_integration_test.py|test_http">src\test\resources\integration_tests\python|basic_integration_test.py|test_http</a><div class="detailToggle" style="display:inline"><a href="javascript:toggleDisplay(&apos;com_task_integration_python_PythonIntegrationTests_src\test\resources\integration_tests\python|basic_integration_test_py|test_http&apos;);"><span style="display:inline;" id="com_task_integration_python_PythonIntegrationTests_src\test\resources\integration_tests\python|basic_integration_test_py|test_httpoff"> + </span><span style="display:none;" id="com_task_integration_python_PythonIntegrationTests_src\test\resources\integration_tests\python|basic_integration_test_py|test_httpon"> - </span>[ Detail ]</a></div></td><td>1,379</td></tr><tr class="b"><td></td><td>Module io.vertx~lang-jython~2.1.1 not found in any repositories</td><td></td></tr><tr class="a"><td></td><td><div id="com_task_integration_python_PythonIntegrationTests_src\test\resources\integration_tests\python|basic_integration_test_py|test_httperror" style="display:none;"><div><pre>org.vertx.java.platform.PlatformManagerException: Module io.vertx~lang-jython~2.1.1 not found in any repositoriesat org.vertx.java.platform.impl.DefaultPlatformManager.getModule(DefaultPlatformManager.java:1451)at org.vertx.java.platform.impl.DefaultPlatformManager.doInstallMod(DefaultPlatformManager.java:1440)at org.vertx.java.platform.impl.DefaultPlatformManager.doLoadIncludedModules(DefaultPlatformManager.java:1311)at org.vertx.java.platform.impl.DefaultPlatformManager.loadIncludedModules(DefaultPlatformManager.java:1294)at org.vertx.java.platform.impl.DefaultPlatformManager.doDeploy(DefaultPlatformManager.java:1704)at org.vertx.java.platform.impl.DefaultPlatformManager.doDeployVerticle(DefaultPlatformManager.java:896)at org.vertx.java.platform.impl.DefaultPlatformManager.access$1500(DefaultPlatformManager.java:59)at org.vertx.java.platform.impl.DefaultPlatformManager$16.run(DefaultPlatformManager.java:522)at org.vertx.java.platform.impl.DefaultPlatformManager$15.run(DefaultPlatformManager.java:489)at java.base/java.util.concurrent.ThreadPoolExecutor.runWorker(ThreadPoolExecutor.java:1128)at java.base/java.util.concurrent.ThreadPoolExecutor$Worker.run(ThreadPoolExecutor.java:628)at java.base/java.lang.Thread.run(Thread.java:834)</pre></div></div></td><td></td></tr><tr class="b"><td><a href="#com.task.integration.python.PythonIntegrationTests.src\test\resources\integration_tests\python|basic_integration_test.py|test_deploy_arbitrary_verticle"><img src="images/icon_error_sml.gif" alt="" /></a></td><td><a href="#com.task.integration.python.PythonIntegrationTests.src\test\resources\integration_tests\python|basic_integration_test.py|test_deploy_arbitrary_verticle">src\test\resources\integration_tests\python|basic_integration_test.py|test_deploy_arbitrary_verticle</a><div class="detailToggle" style="display:inline"><a href="javascript:toggleDisplay(&apos;com_task_integration_python_PythonIntegrationTests_src\test\resources\integration_tests\python|basic_integration_test_py|test_deploy_arbitrary_verticle&apos;);"><span style="display:inline;" id="com_task_integration_python_PythonIntegrationTests_src\test\resources\integration_tests\python|basic_integration_test_py|test_deploy_arbitrary_verticleoff"> + </span><span style="display:none;" id="com_task_integration_python_PythonIntegrationTests_src\test\resources\integration_tests\python|basic_integration_test_py|test_deploy_arbitrary_verticleon"> - </span>[ Detail ]</a></div></td><td>1,259</td></tr><tr class="a"><td></td><td>Module io.vertx~lang-jython~2.1.1 not found in any repositories</td><td></td></tr><tr class="b"><td></td><td><div id="com_task_integration_python_PythonIntegrationTests_src\test\resources\integration_tests\python|basic_integration_test_py|test_deploy_arbitrary_verticleerror" style="display:none;"><div><pre>org.vertx.java.platform.PlatformManagerException: Module io.vertx~lang-jython~2.1.1 not found in any repositoriesat org.vertx.java.platform.impl.DefaultPlatformManager.getModule(DefaultPlatformManager.java:1451)at org.vertx.java.platform.impl.DefaultPlatformManager.doInstallMod(DefaultPlatformManager.java:1440)at org.vertx.java.platform.impl.DefaultPlatformManager.doLoadIncludedModules(DefaultPlatformManager.java:1311)at org.vertx.java.platform.impl.DefaultPlatformManager.loadIncludedModules(DefaultPlatformManager.java:1294)at org.vertx.java.platform.impl.DefaultPlatformManager.doDeploy(DefaultPlatformManager.java:1704)at org.vertx.java.platform.impl.DefaultPlatformManager.doDeployVerticle(DefaultPlatformManager.java:896)at org.vertx.java.platform.impl.DefaultPlatformManager.access$1500(DefaultPlatformManager.java:59)at org.vertx.java.platform.impl.DefaultPlatformManager$16.run(DefaultPlatformManager.java:522)at org.vertx.java.platform.impl.DefaultPlatformManager$15.run(DefaultPlatformManager.java:489)at java.base/java.util.concurrent.ThreadPoolExecutor.runWorker(ThreadPoolExecutor.java:1128)at java.base/java.util.concurrent.ThreadPoolExecutor$Worker.run(ThreadPoolExecutor.java:628)at java.base/java.lang.Thread.run(Thread.java:834)</pre></div></div></td><td></td></tr><tr class="a"><td><a href="#com.task.integration.python.PythonIntegrationTests.src\test\resources\integration_tests\python|basic_integration_test.py|test_complete_on_timer"><img src="images/icon_error_sml.gif" alt="" /></a></td><td><a href="#com.task.integration.python.PythonIntegrationTests.src\test\resources\integration_tests\python|basic_integration_test.py|test_complete_on_timer">src\test\resources\integration_tests\python|basic_integration_test.py|test_complete_on_timer</a><div class="detailToggle" style="display:inline"><a href="javascript:toggleDisplay(&apos;com_task_integration_python_PythonIntegrationTests_src\test\resources\integration_tests\python|basic_integration_test_py|test_complete_on_timer&apos;);"><span style="display:inline;" id="com_task_integration_python_PythonIntegrationTests_src\test\resources\integration_tests\python|basic_integration_test_py|test_complete_on_timeroff"> + </span><span style="display:none;" id="com_task_integration_python_PythonIntegrationTests_src\test\resources\integration_tests\python|basic_integration_test_py|test_complete_on_timeron"> - </span>[ Detail ]</a></div></td><td>1,166</td></tr><tr class="b"><td></td><td>Module io.vertx~lang-jython~2.1.1 not found in any repositories</td><td></td></tr><tr class="a"><td></td><td><div id="com_task_integration_python_PythonIntegrationTests_src\test\resources\integration_tests\python|basic_integration_test_py|test_complete_on_timererror" style="display:none;"><div><pre>org.vertx.java.platform.PlatformManagerException: Module io.vertx~lang-jython~2.1.1 not found in any repositoriesat org.vertx.java.platform.impl.DefaultPlatformManager.getModule(DefaultPlatformManager.java:1451)at org.vertx.java.platform.impl.DefaultPlatformManager.doInstallMod(DefaultPlatformManager.java:1440)at org.vertx.java.platform.impl.DefaultPlatformManager.doLoadIncludedModules(DefaultPlatformManager.java:1311)at org.vertx.java.platform.impl.DefaultPlatformManager.loadIncludedModules(DefaultPlatformManager.java:1294)at org.vertx.java.platform.impl.DefaultPlatformManager.doDeploy(DefaultPlatformManager.java:1704)at org.vertx.java.platform.impl.DefaultPlatformManager.doDeployVerticle(DefaultPlatformManager.java:896)at org.vertx.java.platform.impl.DefaultPlatformManager.access$1500(DefaultPlatformManager.java:59)at org.vertx.java.platform.impl.DefaultPlatformManager$16.run(DefaultPlatformManager.java:522)at org.vertx.java.platform.impl.DefaultPlatformManager$15.run(DefaultPlatformManager.java:489)at java.base/java.util.concurrent.ThreadPoolExecutor.runWorker(ThreadPoolExecutor.java:1128)at java.base/java.util.concurrent.ThreadPoolExecutor$Worker.run(ThreadPoolExecutor.java:628)at java.base/java.lang.Thread.run(Thread.java:834)</pre></div></div></td><td></td></tr><tr class="b"><td><a href="#com.task.integration.python.PythonIntegrationTests.src\test\resources\integration_tests\python|module_integration_test.py|test_ping"><img src="images/icon_error_sml.gif" alt="" /></a></td><td><a href="#com.task.integration.python.PythonIntegrationTests.src\test\resources\integration_tests\python|module_integration_test.py|test_ping">src\test\resources\integration_tests\python|module_integration_test.py|test_ping</a><div class="detailToggle" style="display:inline"><a href="javascript:toggleDisplay(&apos;com_task_integration_python_PythonIntegrationTests_src\test\resources\integration_tests\python|module_integration_test_py|test_ping&apos;);"><span style="display:inline;" id="com_task_integration_python_PythonIntegrationTests_src\test\resources\integration_tests\python|module_integration_test_py|test_pingoff"> + </span><span style="display:none;" id="com_task_integration_python_PythonIntegrationTests_src\test\resources\integration_tests\python|module_integration_test_py|test_pingon"> - </span>[ Detail ]</a></div></td><td>1,231</td></tr><tr class="a"><td></td><td>Module io.vertx~lang-jython~2.1.1 not found in any repositories</td><td></td></tr><tr class="b"><td></td><td><div id="com_task_integration_python_PythonIntegrationTests_src\test\resources\integration_tests\python|module_integration_test_py|test_pingerror" style="display:none;"><div><pre>org.vertx.java.platform.PlatformManagerException: Module io.vertx~lang-jython~2.1.1 not found in any repositoriesat org.vertx.java.platform.impl.DefaultPlatformManager.getModule(DefaultPlatformManager.java:1451)at org.vertx.java.platform.impl.DefaultPlatformManager.doInstallMod(DefaultPlatformManager.java:1440)at org.vertx.java.platform.impl.DefaultPlatformManager.doLoadIncludedModules(DefaultPlatformManager.java:1311)at org.vertx.java.platform.impl.DefaultPlatformManager.loadIncludedModules(DefaultPlatformManager.java:1294)	at org.vertx.java.platform.impl.DefaultPlatformManager.doDeploy(DefaultPlatformManager.java:1704)at org.vertx.java.platform.impl.DefaultPlatformManager.doDeployVerticle(DefaultPlatformManager.java:896)at org.vertx.java.platform.impl.DefaultPlatformManager.access$1500(DefaultPlatformManager.java:59)at org.vertx.java.platform.impl.DefaultPlatformManager$16.run(DefaultPlatformManager.java:522)at org.vertx.java.platform.impl.DefaultPlatformManager$15.run(DefaultPlatformManager.java:489)at java.base/java.util.concurrent.ThreadPoolExecutor.runWorker(ThreadPoolExecutor.java:1128)at java.base/java.util.concurrent.ThreadPoolExecutor$Worker.run(ThreadPoolExecutor.java:628)at java.base/java.lang.Thread.run(Thread.java:834)</pre></div></div></td><td></td></tr><tr class="a"><td><a href="#com.task.integration.python.PythonIntegrationTests.src\test\resources\integration_tests\python|module_integration_test.py|test_something_else"><img src="images/icon_error_sml.gif" alt="" /></a></td><td><a href="#com.task.integration.python.PythonIntegrationTests.src\test\resources\integration_tests\python|module_integration_test.py|test_something_else">src\test\resources\integration_tests\python|module_integration_test.py|test_something_else</a><div class="detailToggle" style="display:inline"><a href="javascript:toggleDisplay(&apos;com_task_integration_python_PythonIntegrationTests_src\test\resources\integration_tests\python|module_integration_test_py|test_something_else&apos;);"><span style="display:inline;" id="com_task_integration_python_PythonIntegrationTests_src\test\resources\integration_tests\python|module_integration_test_py|test_something_elseoff"> + </span><span style="display:none;" id="com_task_integration_python_PythonIntegrationTests_src\test\resources\integration_tests\python|module_integration_test_py|test_something_elseon"> - </span>[ Detail ]</a></div></td><td>1,154</td></tr><tr class="b"><td></td><td>Module io.vertx~lang-jython~2.1.1 not found in any repositories</td><td></td></tr><tr class="a"><td></td><td><div id="com_task_integration_python_PythonIntegrationTests_src\test\resources\integration_tests\python|module_integration_test_py|test_something_elseerror" style="display:none;"><div><pre>org.vertx.java.platform.PlatformManagerException: Module io.vertx~lang-jython~2.1.1 not found in any repositoriesat org.vertx.java.platform.impl.DefaultPlatformManager.getModule(DefaultPlatformManager.java:1451)at org.vertx.java.platform.impl.DefaultPlatformManager.doInstallMod(DefaultPlatformManager.java:1440)at org.vertx.java.platform.impl.DefaultPlatformManager.doLoadIncludedModules(DefaultPlatformManager.java:1311)at org.vertx.java.platform.impl.DefaultPlatformManager.loadIncludedModules(DefaultPlatformManager.java:1294)at org.vertx.java.platform.impl.DefaultPlatformManager.doDeploy(DefaultPlatformManager.java:1704)at org.vertx.java.platform.impl.DefaultPlatformManager.doDeployVerticle(DefaultPlatformManager.java:896)at org.vertx.java.platform.impl.DefaultPlatformManager.access$1500(DefaultPlatformManager.java:59)at org.vertx.java.platform.impl.DefaultPlatformManager$16.run(DefaultPlatformManager.java:522)at org.vertx.java.platform.impl.DefaultPlatformManager$15.run(DefaultPlatformManager.java:489)at java.base/java.util.concurrent.ThreadPoolExecutor.runWorker(ThreadPoolExecutor.java:1128)at java.base/java.util.concurrent.ThreadPoolExecutor$Worker.run(ThreadPoolExecutor.java:628)at java.base/java.lang.Thread.run(Thread.java:834)</pre></div></div></td><td></td></tr></table></div><div class="section"><h3>RubyIntegrationTests<a name="RubyIntegrationTests"></a></h3><a name="com.task.integration.rubyRubyIntegrationTests"></a><table border="1" class="bodyTable"><tr class="a"><td><a href="#com.task.integration.ruby.RubyIntegrationTests.src\test\resources\integration_tests\ruby|basic_integration_test.rb|test_http"><img src="images/icon_error_sml.gif" alt="" /></a></td><td><a href="#com.task.integration.ruby.RubyIntegrationTests.src\test\resources\integration_tests\ruby|basic_integration_test.rb|test_http">src\test\resources\integration_tests\ruby|basic_integration_test.rb|test_http</a><div class="detailToggle" style="display:inline"><a href="javascript:toggleDisplay(&apos;com_task_integration_ruby_RubyIntegrationTests_src\test\resources\integration_tests\ruby|basic_integration_test_rb|test_http&apos;);"><span style="display:inline;" id="com_task_integration_ruby_RubyIntegrationTests_src\test\resources\integration_tests\ruby|basic_integration_test_rb|test_httpoff"> + </span><span style="display:none;" id="com_task_integration_ruby_RubyIntegrationTests_src\test\resources\integration_tests\ruby|basic_integration_test_rb|test_httpon"> - </span>[ Detail ]</a></div></td><td>1,45</td></tr><tr class="b"><td></td><td>Module io.vertx~lang-jruby~2.1.0-final not found in any repositories</td><td></td></tr><tr class="a"><td></td><td><div id="com_task_integration_ruby_RubyIntegrationTests_src\test\resources\integration_tests\ruby|basic_integration_test_rb|test_httperror" style="display:none;"><div><pre>org.vertx.java.platform.PlatformManagerException: Module io.vertx~lang-jruby~2.1.0-final not found in any repositoriesat org.vertx.java.platform.impl.DefaultPlatformManager.getModule(DefaultPlatformManager.java:1451)at org.vertx.java.platform.impl.DefaultPlatformManager.doInstallMod(DefaultPlatformManager.java:1440)at org.vertx.java.platform.impl.DefaultPlatformManager.doLoadIncludedModules(DefaultPlatformManager.java:1311)at org.vertx.java.platform.impl.DefaultPlatformManager.loadIncludedModules(DefaultPlatformManager.java:1294)at org.vertx.java.platform.impl.DefaultPlatformManager.doDeploy(DefaultPlatformManager.java:1704)at org.vertx.java.platform.impl.DefaultPlatformManager.doDeployVerticle(DefaultPlatformManager.java:896)at org.vertx.java.platform.impl.DefaultPlatformManager.access$1500(DefaultPlatformManager.java:59)at org.vertx.java.platform.impl.DefaultPlatformManager$16.run(DefaultPlatformManager.java:522)at org.vertx.java.platform.impl.DefaultPlatformManager$15.run(DefaultPlatformManager.java:489)at java.base/java.util.concurrent.ThreadPoolExecutor.runWorker(ThreadPoolExecutor.java:1128)at java.base/java.util.concurrent.ThreadPoolExecutor$Worker.run(ThreadPoolExecutor.java:628)at java.base/java.lang.Thread.run(Thread.java:834)</pre></div></div></td><td></td></tr><tr class="b"><td><a href="#com.task.integration.ruby.RubyIntegrationTests.src\test\resources\integration_tests\ruby|basic_integration_test.rb|test_deploy_arbitrary_verticle"><img src="images/icon_error_sml.gif" alt="" /></a></td><td><a href="#com.task.integration.ruby.RubyIntegrationTests.src\test\resources\integration_tests\ruby|basic_integration_test.rb|test_deploy_arbitrary_verticle">src\test\resources\integration_tests\ruby|basic_integration_test.rb|test_deploy_arbitrary_verticle</a><div class="detailToggle" style="display:inline"><a href="javascript:toggleDisplay(&apos;com_task_integration_ruby_RubyIntegrationTests_src\test\resources\integration_tests\ruby|basic_integration_test_rb|test_deploy_arbitrary_verticle&apos;);"><span style="display:inline;" id="com_task_integration_ruby_RubyIntegrationTests_src\test\resources\integration_tests\ruby|basic_integration_test_rb|test_deploy_arbitrary_verticleoff"> + </span><span style="display:none;" id="com_task_integration_ruby_RubyIntegrationTests_src\test\resources\integration_tests\ruby|basic_integration_test_rb|test_deploy_arbitrary_verticleon"> - </span>[ Detail ]</a></div></td><td>2,176</td></tr><tr class="a"><td></td><td>Module io.vertx~lang-jruby~2.1.0-final not found in any repositories</td><td></td></tr><tr class="b"><td></td><td><div id="com_task_integration_ruby_RubyIntegrationTests_src\test\resources\integration_tests\ruby|basic_integration_test_rb|test_deploy_arbitrary_verticleerror" style="display:none;"><div><pre>org.vertx.java.platform.PlatformManagerException: Module io.vertx~lang-jruby~2.1.0-final not found in any repositoriesat org.vertx.java.platform.impl.DefaultPlatformManager.getModule(DefaultPlatformManager.java:1451)at org.vertx.java.platform.impl.DefaultPlatformManager.doInstallMod(DefaultPlatformManager.java:1440)at org.vertx.java.platform.impl.DefaultPlatformManager.doLoadIncludedModules(DefaultPlatformManager.java:1311)at org.vertx.java.platform.impl.DefaultPlatformManager.loadIncludedModules(DefaultPlatformManager.java:1294)at org.vertx.java.platform.impl.DefaultPlatformManager.doDeploy(DefaultPlatformManager.java:1704)at org.vertx.java.platform.impl.DefaultPlatformManager.doDeployVerticle(DefaultPlatformManager.java:896)at org.vertx.java.platform.impl.DefaultPlatformManager.access$1500(DefaultPlatformManager.java:59)at org.vertx.java.platform.impl.DefaultPlatformManager$16.run(DefaultPlatformManager.java:522)at org.vertx.java.platform.impl.DefaultPlatformManager$15.run(DefaultPlatformManager.java:489)at java.base/java.util.concurrent.ThreadPoolExecutor.runWorker(ThreadPoolExecutor.java:1128)at java.base/java.util.concurrent.ThreadPoolExecutor$Worker.run(ThreadPoolExecutor.java:628)at java.base/java.lang.Thread.run(Thread.java:834)</pre></div></div></td><td></td></tr><tr class="a"><td><a href="#com.task.integration.ruby.RubyIntegrationTests.src\test\resources\integration_tests\ruby|basic_integration_test.rb|test_complete_on_timer"><img src="images/icon_error_sml.gif" alt="" /></a></td><td><a href="#com.task.integration.ruby.RubyIntegrationTests.src\test\resources\integration_tests\ruby|basic_integration_test.rb|test_complete_on_timer">src\test\resources\integration_tests\ruby|basic_integration_test.rb|test_complete_on_timer</a><div class="detailToggle" style="display:inline"><a href="javascript:toggleDisplay(&apos;com_task_integration_ruby_RubyIntegrationTests_src\test\resources\integration_tests\ruby|basic_integration_test_rb|test_complete_on_timer&apos;);"><span style="display:inline;" id="com_task_integration_ruby_RubyIntegrationTests_src\test\resources\integration_tests\ruby|basic_integration_test_rb|test_complete_on_timeroff"> + </span><span style="display:none;" id="com_task_integration_ruby_RubyIntegrationTests_src\test\resources\integration_tests\ruby|basic_integration_test_rb|test_complete_on_timeron"> - </span>[ Detail ]</a></div></td><td>1,159</td></tr><tr class="b"><td></td><td>Module io.vertx~lang-jruby~2.1.0-final not found in any repositories</td><td></td></tr><tr class="a"><td></td><td><div id="com_task_integration_ruby_RubyIntegrationTests_src\test\resources\integration_tests\ruby|basic_integration_test_rb|test_complete_on_timererror" style="display:none;"><div><pre>org.vertx.java.platform.PlatformManagerException: Module io.vertx~lang-jruby~2.1.0-final not found in any repositoriesat org.vertx.java.platform.impl.DefaultPlatformManager.getModule(DefaultPlatformManager.java:1451)at org.vertx.java.platform.impl.DefaultPlatformManager.doInstallMod(DefaultPlatformManager.java:1440)at org.vertx.java.platform.impl.DefaultPlatformManager.doLoadIncludedModules(DefaultPlatformManager.java:1311)at org.vertx.java.platform.impl.DefaultPlatformManager.loadIncludedModules(DefaultPlatformManager.java:1294)at org.vertx.java.platform.impl.DefaultPlatformManager.doDeploy(DefaultPlatformManager.java:1704)at org.vertx.java.platform.impl.DefaultPlatformManager.doDeployVerticle(DefaultPlatformManager.java:896)at org.vertx.java.platform.impl.DefaultPlatformManager.access$1500(DefaultPlatformManager.java:59)at org.vertx.java.platform.impl.DefaultPlatformManager$16.run(DefaultPlatformManager.java:522)at org.vertx.java.platform.impl.DefaultPlatformManager$15.run(DefaultPlatformManager.java:489)at java.base/java.util.concurrent.ThreadPoolExecutor.runWorker(ThreadPoolExecutor.java:1128)at java.base/java.util.concurrent.ThreadPoolExecutor$Worker.run(ThreadPoolExecutor.java:628)at java.base/java.lang.Thread.run(Thread.java:834)</pre></div></div></td><td></td></tr><tr class="b"><td><a href="#com.task.integration.ruby.RubyIntegrationTests.src\test\resources\integration_tests\ruby|module_integration_test.rb|test_ping"><img src="images/icon_error_sml.gif" alt="" /></a></td><td><a href="#com.task.integration.ruby.RubyIntegrationTests.src\test\resources\integration_tests\ruby|module_integration_test.rb|test_ping">src\test\resources\integration_tests\ruby|module_integration_test.rb|test_ping</a><div class="detailToggle" style="display:inline"><a href="javascript:toggleDisplay(&apos;com_task_integration_ruby_RubyIntegrationTests_src\test\resources\integration_tests\ruby|module_integration_test_rb|test_ping&apos;);"><span style="display:inline;" id="com_task_integration_ruby_RubyIntegrationTests_src\test\resources\integration_tests\ruby|module_integration_test_rb|test_pingoff"> + </span><span style="display:none;" id="com_task_integration_ruby_RubyIntegrationTests_src\test\resources\integration_tests\ruby|module_integration_test_rb|test_pingon"> - </span>[ Detail ]</a></div></td><td>1,213</td></tr><tr class="a"><td></td><td>Module io.vertx~lang-jruby~2.1.0-final not found in any repositories</td><td></td></tr><tr class="b"><td></td><td><div id="com_task_integration_ruby_RubyIntegrationTests_src\test\resources\integration_tests\ruby|module_integration_test_rb|test_pingerror" style="display:none;"><div><pre>org.vertx.java.platform.PlatformManagerException: Module io.vertx~lang-jruby~2.1.0-final not found in any repositoriesat org.vertx.java.platform.impl.DefaultPlatformManager.getModule(DefaultPlatformManager.java:1451)at org.vertx.java.platform.impl.DefaultPlatformManager.doInstallMod(DefaultPlatformManager.java:1440)at org.vertx.java.platform.impl.DefaultPlatformManager.doLoadIncludedModules(DefaultPlatformManager.java:1311)at org.vertx.java.platform.impl.DefaultPlatformManager.loadIncludedModules(DefaultPlatformManager.java:1294)at org.vertx.java.platform.impl.DefaultPlatformManager.doDeploy(DefaultPlatformManager.java:1704)at org.vertx.java.platform.impl.DefaultPlatformManager.doDeployVerticle(DefaultPlatformManager.java:896)at org.vertx.java.platform.impl.DefaultPlatformManager.access$1500(DefaultPlatformManager.java:59)at org.vertx.java.platform.impl.DefaultPlatformManager$16.run(DefaultPlatformManager.java:522)at org.vertx.java.platform.impl.DefaultPlatformManager$15.run(DefaultPlatformManager.java:489)at java.base/java.util.concurrent.ThreadPoolExecutor.runWorker(ThreadPoolExecutor.java:1128)at java.base/java.util.concurrent.ThreadPoolExecutor$Worker.run(ThreadPoolExecutor.java:628)at java.base/java.lang.Thread.run(Thread.java:834)</pre></div></div></td><td></td></tr><tr class="a"><td><a href="#com.task.integration.ruby.RubyIntegrationTests.src\test\resources\integration_tests\ruby|module_integration_test.rb|test_something_else"><img src="images/icon_error_sml.gif" alt="" /></a></td><td><a href="#com.task.integration.ruby.RubyIntegrationTests.src\test\resources\integration_tests\ruby|module_integration_test.rb|test_something_else">src\test\resources\integration_tests\ruby|module_integration_test.rb|test_something_else</a><div class="detailToggle" style="display:inline"><a href="javascript:toggleDisplay(&apos;com_task_integration_ruby_RubyIntegrationTests_src\test\resources\integration_tests\ruby|module_integration_test_rb|test_something_else&apos;);"><span style="display:inline;" id="com_task_integration_ruby_RubyIntegrationTests_src\test\resources\integration_tests\ruby|module_integration_test_rb|test_something_elseoff"> + </span><span style="display:none;" id="com_task_integration_ruby_RubyIntegrationTests_src\test\resources\integration_tests\ruby|module_integration_test_rb|test_something_elseon"> - </span>[ Detail ]</a></div></td><td>1,562</td></tr><tr class="b"><td></td><td>Module io.vertx~lang-jruby~2.1.0-final not found in any repositories</td><td></td></tr><tr class="a"><td></td><td><div id="com_task_integration_ruby_RubyIntegrationTests_src\test\resources\integration_tests\ruby|module_integration_test_rb|test_something_elseerror" style="display:none;"><div><pre>org.vertx.java.platform.PlatformManagerException: Module io.vertx~lang-jruby~2.1.0-final not found in any repositoriesat org.vertx.java.platform.impl.DefaultPlatformManager.getModule(DefaultPlatformManager.java:1451)at org.vertx.java.platform.impl.DefaultPlatformManager.doInstallMod(DefaultPlatformManager.java:1440)at org.vertx.java.platform.impl.DefaultPlatformManager.doLoadIncludedModules(DefaultPlatformManager.java:1311)at org.vertx.java.platform.impl.DefaultPlatformManager.loadIncludedModules(DefaultPlatformManager.java:1294)at org.vertx.java.platform.impl.DefaultPlatformManager.doDeploy(DefaultPlatformManager.java:1704)at org.vertx.java.platform.impl.DefaultPlatformManager.doDeployVerticle(DefaultPlatformManager.java:896)at org.vertx.java.platform.impl.DefaultPlatformManager.access$1500(DefaultPlatformManager.java:59)at org.vertx.java.platform.impl.DefaultPlatformManager$16.run(DefaultPlatformManager.java:522)at org.vertx.java.platform.impl.DefaultPlatformManager$15.run(DefaultPlatformManager.java:489)at java.base/java.util.concurrent.ThreadPoolExecutor.runWorker(ThreadPoolExecutor.java:1128)at java.base/java.util.concurrent.ThreadPoolExecutor$Worker.run(ThreadPoolExecutor.java:628)at java.base/java.lang.Thread.run(Thread.java:834)</pre></div></div></td><td></td></tr></table></div><br /></div><div class="section"><h2>Failure Details<a name="Failure_Details"></a></h2><a name="Failure_Details"></a><p>[<a href="#Summary">Summary</a>] [<a href="#Package_List">Package List</a>] [<a href="#Test_Cases">Test Cases</a>]</p><br /><table border="1" class="bodyTable"><tr class="a"><td><img src="images/icon_error_sml.gif" alt="" /></td><td><a name="com.task.integration.groovy.GroovyIntegrationTests.srctestresourcesintegration_testsgroovyBasicIntegrationTest.groovytestHTTP"></a>src\test\resources\integration_tests\groovy|BasicIntegrationTest.groovy|testHTTP</td></tr><tr class="b"><td></td><td>org.vertx.java.platform.PlatformManagerException: Module io.vertx~lang-groovy~2.1.1-final not found in any repositories</td></tr>                                                <tr class="a"><td></td><td><div id="src\test\resources\integration_tests\groovy|BasicIntegrationTest.groovy|testHTTPerror">com.task.integration.groovy.GroovyIntegrationTests:</div></td></tr><tr class="b"><td><img src="images/icon_error_sml.gif" alt="" /></td><td><a name="com.task.integration.groovy.GroovyIntegrationTests.srctestresourcesintegration_testsgroovyBasicIntegrationTest.groovytestDeployArbitraryVerticle"></a>src\test\resources\integration_tests\groovy|BasicIntegrationTest.groovy|testDeployArbitraryVerticle</td></tr><tr class="a"><td></td><td>org.vertx.java.platform.PlatformManagerException: Module io.vertx~lang-groovy~2.1.1-final not found in any repositories</td></tr>                                                <tr class="b"><td></td><td><div id="src\test\resources\integration_tests\groovy|BasicIntegrationTest.groovy|testDeployArbitraryVerticleerror">com.task.integration.groovy.GroovyIntegrationTests:</div></td></tr><tr class="a"><td><img src="images/icon_error_sml.gif" alt="" /></td><td><a name="com.task.integration.groovy.GroovyIntegrationTests.srctestresourcesintegration_testsgroovyBasicIntegrationTest.groovytestCompleteOnTimer"></a>src\test\resources\integration_tests\groovy|BasicIntegrationTest.groovy|testCompleteOnTimer</td></tr><tr class="b"><td></td><td>org.vertx.java.platform.PlatformManagerException: Module io.vertx~lang-groovy~2.1.1-final not found in any repositories</td></tr>                                                <tr class="a"><td></td><td><div id="src\test\resources\integration_tests\groovy|BasicIntegrationTest.groovy|testCompleteOnTimererror">com.task.integration.groovy.GroovyIntegrationTests:</div></td></tr><tr class="b"><td><img src="images/icon_error_sml.gif" alt="" /></td><td><a name="com.task.integration.groovy.GroovyIntegrationTests.srctestresourcesintegration_testsgroovyModuleIntegrationTest.groovytestPing"></a>src\test\resources\integration_tests\groovy|ModuleIntegrationTest.groovy|testPing</td></tr><tr class="a"><td></td><td>org.vertx.java.platform.PlatformManagerException: Module io.vertx~lang-groovy~2.1.1-final not found in any repositories</td></tr>                                            <tr class="b"><td></td><td><div id="src\test\resources\integration_tests\groovy|ModuleIntegrationTest.groovy|testPingerror">com.task.integration.groovy.GroovyIntegrationTests:</div></td></tr><tr class="a"><td><img src="images/icon_error_sml.gif" alt="" /></td><td><a name="com.task.integration.groovy.GroovyIntegrationTests.srctestresourcesintegration_testsgroovyModuleIntegrationTest.groovytestSomethingElse"></a>src\test\resources\integration_tests\groovy|ModuleIntegrationTest.groovy|testSomethingElse</td></tr><tr class="b"><td></td><td>org.vertx.java.platform.PlatformManagerException: Module io.vertx~lang-groovy~2.1.1-final not found in any repositories</td></tr>                                                <tr class="a"><td></td><td><div id="src\test\resources\integration_tests\groovy|ModuleIntegrationTest.groovy|testSomethingElseerror">com.task.integration.groovy.GroovyIntegrationTests:</div></td></tr><tr class="b"><td><img src="images/icon_error_sml.gif" alt="" /></td><td><a name="com.task.integration.javascript.JavaScriptIntegrationTests.srctestresourcesintegration_testsjavascriptbasicIntegrationTest.jstestHTTP"></a>src\test\resources\integration_tests\javascript|basicIntegrationTest.js|testHTTP</td></tr><tr class="a"><td></td><td>org.vertx.java.platform.PlatformManagerException: Module io.vertx~lang-rhino~2.1.1 not found in any repositories</td></tr>                                                <tr class="b"><td></td><td><div id="src\test\resources\integration_tests\javascript|basicIntegrationTest.js|testHTTPerror">com.task.integration.javascript.JavaScriptIntegrationTests:</div></td></tr><tr class="a"><td><img src="images/icon_error_sml.gif" alt="" /></td><td><a name="com.task.integration.javascript.JavaScriptIntegrationTests.srctestresourcesintegration_testsjavascriptbasicIntegrationTest.jstestDeployArbitraryVerticle"></a>src\test\resources\integration_tests\javascript|basicIntegrationTest.js|testDeployArbitraryVerticle</td></tr><tr class="b"><td></td><td>org.vertx.java.platform.PlatformManagerException: Module io.vertx~lang-rhino~2.1.1 not found in any repositories</td></tr>                                                <tr class="a"><td></td><td><div id="src\test\resources\integration_tests\javascript|basicIntegrationTest.js|testDeployArbitraryVerticleerror">com.task.integration.javascript.JavaScriptIntegrationTests:</div></td></tr><tr class="b"><td><img src="images/icon_error_sml.gif" alt="" /></td><td><a name="com.task.integration.javascript.JavaScriptIntegrationTests.srctestresourcesintegration_testsjavascriptbasicIntegrationTest.jstestCompleteOnTimer"></a>src\test\resources\integration_tests\javascript|basicIntegrationTest.js|testCompleteOnTimer</td></tr><tr class="a"><td></td><td>org.vertx.java.platform.PlatformManagerException: Module io.vertx~lang-rhino~2.1.1 not found in any repositories</td></tr>                                                <tr class="b"><td></td><td><div id="src\test\resources\integration_tests\javascript|basicIntegrationTest.js|testCompleteOnTimererror">com.task.integration.javascript.JavaScriptIntegrationTests:</div></td></tr><tr class="a"><td><img src="images/icon_error_sml.gif" alt="" /></td><td><a name="com.task.integration.javascript.JavaScriptIntegrationTests.srctestresourcesintegration_testsjavascriptmoduleIntegrationTest.jstestPing"></a>src\test\resources\integration_tests\javascript|moduleIntegrationTest.js|testPing</td></tr><tr class="b"><td></td><td>org.vertx.java.platform.PlatformManagerException: Module io.vertx~lang-rhino~2.1.1 not found in any repositories</td></tr>                                                <tr class="a"><td></td><td><div id="src\test\resources\integration_tests\javascript|moduleIntegrationTest.js|testPingerror">com.task.integration.javascript.JavaScriptIntegrationTests:</div></td></tr><tr class="b"><td><img src="images/icon_error_sml.gif" alt="" /></td><td><a name="com.task.integration.javascript.JavaScriptIntegrationTests.srctestresourcesintegration_testsjavascriptmoduleIntegrationTest.jstestSomethingElse"></a>src\test\resources\integration_tests\javascript|moduleIntegrationTest.js|testSomethingElse</td></tr><tr class="a"><td></td><td>org.vertx.java.platform.PlatformManagerException: Module io.vertx~lang-rhino~2.1.1 not found in any repositories</td></tr>                                                <tr class="b"><td></td><td><div id="src\test\resources\integration_tests\javascript|moduleIntegrationTest.js|testSomethingElseerror">com.task.integration.javascript.JavaScriptIntegrationTests:</div></td></tr><tr class="a"><td><img src="images/icon_error_sml.gif" alt="" /></td><td><a name="com.task.integration.python.PythonIntegrationTests.srctestresourcesintegration_testspythonbasic_integration_test.pytest_http"></a>src\test\resources\integration_tests\python|basic_integration_test.py|test_http</td></tr><tr class="b"><td></td><td>org.vertx.java.platform.PlatformManagerException: Module io.vertx~lang-jython~2.1.1 not found in any repositories</td></tr>                                                <tr class="a"><td></td><td><div id="src\test\resources\integration_tests\python|basic_integration_test.py|test_httperror">com.task.integration.python.PythonIntegrationTests:</div></td></tr><tr class="b"><td><img src="images/icon_error_sml.gif" alt="" /></td><td><a name="com.task.integration.python.PythonIntegrationTests.srctestresourcesintegration_testspythonbasic_integration_test.pytest_deploy_arbitrary_verticle"></a>src\test\resources\integration_tests\python|basic_integration_test.py|test_deploy_arbitrary_verticle</td></tr><tr class="a"><td></td><td>org.vertx.java.platform.PlatformManagerException: Module io.vertx~lang-jython~2.1.1 not found in any repositories</td></tr>                                                <tr class="b"><td></td><td><div id="src\test\resources\integration_tests\python|basic_integration_test.py|test_deploy_arbitrary_verticleerror">com.task.integration.python.PythonIntegrationTests:</div></td></tr><tr class="a"><td><img src="images/icon_error_sml.gif" alt="" /></td><td><a name="com.task.integration.python.PythonIntegrationTests.srctestresourcesintegration_testspythonbasic_integration_test.pytest_complete_on_timer"></a>src\test\resources\integration_tests\python|basic_integration_test.py|test_complete_on_timer</td></tr><tr class="b"><td></td><td>org.vertx.java.platform.PlatformManagerException: Module io.vertx~lang-jython~2.1.1 not found in any repositories</td></tr>                                                <tr class="a"><td></td><td><div id="src\test\resources\integration_tests\python|basic_integration_test.py|test_complete_on_timererror">com.task.integration.python.PythonIntegrationTests:</div></td></tr><tr class="b"><td><img src="images/icon_error_sml.gif" alt="" /></td><td><a name="com.task.integration.python.PythonIntegrationTests.srctestresourcesintegration_testspythonmodule_integration_test.pytest_ping"></a>src\test\resources\integration_tests\python|module_integration_test.py|test_ping</td></tr><tr class="a"><td></td><td>org.vertx.java.platform.PlatformManagerException: Module io.vertx~lang-jython~2.1.1 not found in any repositories</td></tr>                                            <tr class="b"><td></td><td><div id="src\test\resources\integration_tests\python|module_integration_test.py|test_pingerror">com.task.integration.python.PythonIntegrationTests:</div></td></tr><tr class="a"><td><img src="images/icon_error_sml.gif" alt="" /></td><td><a name="com.task.integration.python.PythonIntegrationTests.srctestresourcesintegration_testspythonmodule_integration_test.pytest_something_else"></a>src\test\resources\integration_tests\python|module_integration_test.py|test_something_else</td></tr><tr class="b"><td></td><td>org.vertx.java.platform.PlatformManagerException: Module io.vertx~lang-jython~2.1.1 not found in any repositories</td></tr>                                                <tr class="a"><td></td><td><div id="src\test\resources\integration_tests\python|module_integration_test.py|test_something_elseerror">com.task.integration.python.PythonIntegrationTests:</div></td></tr><tr class="b"><td><img src="images/icon_error_sml.gif" alt="" /></td><td><a name="com.task.integration.ruby.RubyIntegrationTests.srctestresourcesintegration_testsrubybasic_integration_test.rbtest_http"></a>src\test\resources\integration_tests\ruby|basic_integration_test.rb|test_http</td></tr><tr class="a"><td></td><td>org.vertx.java.platform.PlatformManagerException: Module io.vertx~lang-jruby~2.1.0-final not found in any repositories</td></tr>                                                <tr class="b"><td></td><td><div id="src\test\resources\integration_tests\ruby|basic_integration_test.rb|test_httperror">com.task.integration.ruby.RubyIntegrationTests:</div></td></tr><tr class="a"><td><img src="images/icon_error_sml.gif" alt="" /></td><td><a name="com.task.integration.ruby.RubyIntegrationTests.srctestresourcesintegration_testsrubybasic_integration_test.rbtest_deploy_arbitrary_verticle"></a>src\test\resources\integration_tests\ruby|basic_integration_test.rb|test_deploy_arbitrary_verticle</td></tr><tr class="b"><td></td><td>org.vertx.java.platform.PlatformManagerException: Module io.vertx~lang-jruby~2.1.0-final not found in any repositories</td></tr>                                                <tr class="a"><td></td><td><div id="src\test\resources\integration_tests\ruby|basic_integration_test.rb|test_deploy_arbitrary_verticleerror">com.task.integration.ruby.RubyIntegrationTests:</div></td></tr><tr class="b"><td><img src="images/icon_error_sml.gif" alt="" /></td><td><a name="com.task.integration.ruby.RubyIntegrationTests.srctestresourcesintegration_testsrubybasic_integration_test.rbtest_complete_on_timer"></a>src\test\resources\integration_tests\ruby|basic_integration_test.rb|test_complete_on_timer</td></tr><tr class="a"><td></td><td>org.vertx.java.platform.PlatformManagerException: Module io.vertx~lang-jruby~2.1.0-final not found in any repositories</td></tr>                                                <tr class="b"><td></td><td><div id="src\test\resources\integration_tests\ruby|basic_integration_test.rb|test_complete_on_timererror">com.task.integration.ruby.RubyIntegrationTests:</div></td></tr><tr class="a"><td><img src="images/icon_error_sml.gif" alt="" /></td><td><a name="com.task.integration.ruby.RubyIntegrationTests.srctestresourcesintegration_testsrubymodule_integration_test.rbtest_ping"></a>src\test\resources\integration_tests\ruby|module_integration_test.rb|test_ping</td></tr><tr class="b"><td></td><td>org.vertx.java.platform.PlatformManagerException: Module io.vertx~lang-jruby~2.1.0-final not found in any repositories</td></tr>                                                <tr class="a"><td></td><td><div id="src\test\resources\integration_tests\ruby|module_integration_test.rb|test_pingerror">com.task.integration.ruby.RubyIntegrationTests:</div></td></tr><tr class="b"><td><img src="images/icon_error_sml.gif" alt="" /></td><td><a name="com.task.integration.ruby.RubyIntegrationTests.srctestresourcesintegration_testsrubymodule_integration_test.rbtest_something_else"></a>src\test\resources\integration_tests\ruby|module_integration_test.rb|test_something_else</td></tr><tr class="a"><td></td><td>org.vertx.java.platform.PlatformManagerException: Module io.vertx~lang-jruby~2.1.0-final not found in any repositories</td></tr>                                                <tr class="b"><td></td><td><div id="src\test\resources\integration_tests\ruby|module_integration_test.rb|test_something_elseerror">com.task.integration.ruby.RubyIntegrationTests:</div></td></tr></table><br /></div>
      </div>
    </div>
    <div class="clear">
      <hr/>
    </div>
    <div id="footer">
      <div class="xright">Copyright &#169;  All Rights Reserved.      
        
      </div>
      <div class="clear">
        <hr/>
      </div>
    </div>
  </body>
</html>
