-------------------------------------------------------------------------------
Test set: com.task.integration.javascript.JavaScriptIntegrationTests
-------------------------------------------------------------------------------
Tests run: 5, Failures: 0, Errors: 5, Skipped: 0, Time elapsed: 5.926 sec <<< FAILURE!
src\test\resources\integration_tests\javascript|basicIntegrationTest.js|testHTTP(com.task.integration.javascript.JavaScriptIntegrationTests)  Time elapsed: 1.119 sec  <<< ERROR!
org.vertx.java.platform.PlatformManagerException: Module io.vertx~lang-rhino~2.1.1 not found in any repositories
	at org.vertx.java.platform.impl.DefaultPlatformManager.getModule(DefaultPlatformManager.java:1451)
	at org.vertx.java.platform.impl.DefaultPlatformManager.doInstallMod(DefaultPlatformManager.java:1440)
	at org.vertx.java.platform.impl.DefaultPlatformManager.doLoadIncludedModules(DefaultPlatformManager.java:1311)
	at org.vertx.java.platform.impl.DefaultPlatformManager.loadIncludedModules(DefaultPlatformManager.java:1294)
	at org.vertx.java.platform.impl.DefaultPlatformManager.doDeploy(DefaultPlatformManager.java:1704)
	at org.vertx.java.platform.impl.DefaultPlatformManager.doDeployVerticle(DefaultPlatformManager.java:896)
	at org.vertx.java.platform.impl.DefaultPlatformManager.access$1500(DefaultPlatformManager.java:59)
	at org.vertx.java.platform.impl.DefaultPlatformManager$16.run(DefaultPlatformManager.java:522)
	at org.vertx.java.platform.impl.DefaultPlatformManager$15.run(DefaultPlatformManager.java:489)
	at java.base/java.util.concurrent.ThreadPoolExecutor.runWorker(ThreadPoolExecutor.java:1128)
	at java.base/java.util.concurrent.ThreadPoolExecutor$Worker.run(ThreadPoolExecutor.java:628)
	at java.base/java.lang.Thread.run(Thread.java:834)

src\test\resources\integration_tests\javascript|basicIntegrationTest.js|testDeployArbitraryVerticle(com.task.integration.javascript.JavaScriptIntegrationTests)  Time elapsed: 1.161 sec  <<< ERROR!
org.vertx.java.platform.PlatformManagerException: Module io.vertx~lang-rhino~2.1.1 not found in any repositories
	at org.vertx.java.platform.impl.DefaultPlatformManager.getModule(DefaultPlatformManager.java:1451)
	at org.vertx.java.platform.impl.DefaultPlatformManager.doInstallMod(DefaultPlatformManager.java:1440)
	at org.vertx.java.platform.impl.DefaultPlatformManager.doLoadIncludedModules(DefaultPlatformManager.java:1311)
	at org.vertx.java.platform.impl.DefaultPlatformManager.loadIncludedModules(DefaultPlatformManager.java:1294)
	at org.vertx.java.platform.impl.DefaultPlatformManager.doDeploy(DefaultPlatformManager.java:1704)
	at org.vertx.java.platform.impl.DefaultPlatformManager.doDeployVerticle(DefaultPlatformManager.java:896)
	at org.vertx.java.platform.impl.DefaultPlatformManager.access$1500(DefaultPlatformManager.java:59)
	at org.vertx.java.platform.impl.DefaultPlatformManager$16.run(DefaultPlatformManager.java:522)
	at org.vertx.java.platform.impl.DefaultPlatformManager$15.run(DefaultPlatformManager.java:489)
	at java.base/java.util.concurrent.ThreadPoolExecutor.runWorker(ThreadPoolExecutor.java:1128)
	at java.base/java.util.concurrent.ThreadPoolExecutor$Worker.run(ThreadPoolExecutor.java:628)
	at java.base/java.lang.Thread.run(Thread.java:834)

src\test\resources\integration_tests\javascript|basicIntegrationTest.js|testCompleteOnTimer(com.task.integration.javascript.JavaScriptIntegrationTests)  Time elapsed: 1.205 sec  <<< ERROR!
org.vertx.java.platform.PlatformManagerException: Module io.vertx~lang-rhino~2.1.1 not found in any repositories
	at org.vertx.java.platform.impl.DefaultPlatformManager.getModule(DefaultPlatformManager.java:1451)
	at org.vertx.java.platform.impl.DefaultPlatformManager.doInstallMod(DefaultPlatformManager.java:1440)
	at org.vertx.java.platform.impl.DefaultPlatformManager.doLoadIncludedModules(DefaultPlatformManager.java:1311)
	at org.vertx.java.platform.impl.DefaultPlatformManager.loadIncludedModules(DefaultPlatformManager.java:1294)
	at org.vertx.java.platform.impl.DefaultPlatformManager.doDeploy(DefaultPlatformManager.java:1704)
	at org.vertx.java.platform.impl.DefaultPlatformManager.doDeployVerticle(DefaultPlatformManager.java:896)
	at org.vertx.java.platform.impl.DefaultPlatformManager.access$1500(DefaultPlatformManager.java:59)
	at org.vertx.java.platform.impl.DefaultPlatformManager$16.run(DefaultPlatformManager.java:522)
	at org.vertx.java.platform.impl.DefaultPlatformManager$15.run(DefaultPlatformManager.java:489)
	at java.base/java.util.concurrent.ThreadPoolExecutor.runWorker(ThreadPoolExecutor.java:1128)
	at java.base/java.util.concurrent.ThreadPoolExecutor$Worker.run(ThreadPoolExecutor.java:628)
	at java.base/java.lang.Thread.run(Thread.java:834)

src\test\resources\integration_tests\javascript|moduleIntegrationTest.js|testPing(com.task.integration.javascript.JavaScriptIntegrationTests)  Time elapsed: 1.256 sec  <<< ERROR!
org.vertx.java.platform.PlatformManagerException: Module io.vertx~lang-rhino~2.1.1 not found in any repositories
	at org.vertx.java.platform.impl.DefaultPlatformManager.getModule(DefaultPlatformManager.java:1451)
	at org.vertx.java.platform.impl.DefaultPlatformManager.doInstallMod(DefaultPlatformManager.java:1440)
	at org.vertx.java.platform.impl.DefaultPlatformManager.doLoadIncludedModules(DefaultPlatformManager.java:1311)
	at org.vertx.java.platform.impl.DefaultPlatformManager.loadIncludedModules(DefaultPlatformManager.java:1294)
	at org.vertx.java.platform.impl.DefaultPlatformManager.doDeploy(DefaultPlatformManager.java:1704)
	at org.vertx.java.platform.impl.DefaultPlatformManager.doDeployVerticle(DefaultPlatformManager.java:896)
	at org.vertx.java.platform.impl.DefaultPlatformManager.access$1500(DefaultPlatformManager.java:59)
	at org.vertx.java.platform.impl.DefaultPlatformManager$16.run(DefaultPlatformManager.java:522)
	at org.vertx.java.platform.impl.DefaultPlatformManager$15.run(DefaultPlatformManager.java:489)
	at java.base/java.util.concurrent.ThreadPoolExecutor.runWorker(ThreadPoolExecutor.java:1128)
	at java.base/java.util.concurrent.ThreadPoolExecutor$Worker.run(ThreadPoolExecutor.java:628)
	at java.base/java.lang.Thread.run(Thread.java:834)

src\test\resources\integration_tests\javascript|moduleIntegrationTest.js|testSomethingElse(com.task.integration.javascript.JavaScriptIntegrationTests)  Time elapsed: 1.182 sec  <<< ERROR!
org.vertx.java.platform.PlatformManagerException: Module io.vertx~lang-rhino~2.1.1 not found in any repositories
	at org.vertx.java.platform.impl.DefaultPlatformManager.getModule(DefaultPlatformManager.java:1451)
	at org.vertx.java.platform.impl.DefaultPlatformManager.doInstallMod(DefaultPlatformManager.java:1440)
	at org.vertx.java.platform.impl.DefaultPlatformManager.doLoadIncludedModules(DefaultPlatformManager.java:1311)
	at org.vertx.java.platform.impl.DefaultPlatformManager.loadIncludedModules(DefaultPlatformManager.java:1294)
	at org.vertx.java.platform.impl.DefaultPlatformManager.doDeploy(DefaultPlatformManager.java:1704)
	at org.vertx.java.platform.impl.DefaultPlatformManager.doDeployVerticle(DefaultPlatformManager.java:896)
	at org.vertx.java.platform.impl.DefaultPlatformManager.access$1500(DefaultPlatformManager.java:59)
	at org.vertx.java.platform.impl.DefaultPlatformManager$16.run(DefaultPlatformManager.java:522)
	at org.vertx.java.platform.impl.DefaultPlatformManager$15.run(DefaultPlatformManager.java:489)
	at java.base/java.util.concurrent.ThreadPoolExecutor.runWorker(ThreadPoolExecutor.java:1128)
	at java.base/java.util.concurrent.ThreadPoolExecutor$Worker.run(ThreadPoolExecutor.java:628)
	at java.base/java.lang.Thread.run(Thread.java:834)

