-------------------------------------------------------------------------------
Test set: com.task.integration.groovy.GroovyIntegrationTests
-------------------------------------------------------------------------------
Tests run: 5, Failures: 0, Errors: 5, Skipped: 0, Time elapsed: 10.621 sec <<< FAILURE!
src\test\resources\integration_tests\groovy|BasicIntegrationTest.groovy|testHTTP(com.task.integration.groovy.GroovyIntegrationTests)  Time elapsed: 1.72 sec  <<< ERROR!
org.vertx.java.platform.PlatformManagerException: Module io.vertx~lang-groovy~2.1.1-final not found in any repositories
	at org.vertx.java.platform.impl.DefaultPlatformManager.getModule(DefaultPlatformManager.java:1451)
	at org.vertx.java.platform.impl.DefaultPlatformManager.doInstallMod(DefaultPlatformManager.java:1440)
	at org.vertx.java.platform.impl.DefaultPlatformManager.doLoadIncludedModules(DefaultPlatformManager.java:1311)
	at org.vertx.java.platform.impl.DefaultPlatformManager.loadIncludedModules(DefaultPlatformManager.java:1294)
	at org.vertx.java.platform.impl.DefaultPlatformManager.doDeploy(DefaultPlatformManager.java:1704)
	at org.vertx.java.platform.impl.DefaultPlatformManager.doDeployVerticle(DefaultPlatformManager.java:896)
	at org.vertx.java.platform.impl.DefaultPlatformManager.access$1500(DefaultPlatformManager.java:59)
	at org.vertx.java.platform.impl.DefaultPlatformManager$16.run(DefaultPlatformManager.java:522)
	at org.vertx.java.platform.impl.DefaultPlatformManager$15.run(DefaultPlatformManager.java:489)
	at java.base/java.util.concurrent.ThreadPoolExecutor.runWorker(ThreadPoolExecutor.java:1128)
	at java.base/java.util.concurrent.ThreadPoolExecutor$Worker.run(ThreadPoolExecutor.java:628)
	at java.base/java.lang.Thread.run(Thread.java:834)

src\test\resources\integration_tests\groovy|BasicIntegrationTest.groovy|testDeployArbitraryVerticle(com.task.integration.groovy.GroovyIntegrationTests)  Time elapsed: 2.518 sec  <<< ERROR!
org.vertx.java.platform.PlatformManagerException: Module io.vertx~lang-groovy~2.1.1-final not found in any repositories
	at org.vertx.java.platform.impl.DefaultPlatformManager.getModule(DefaultPlatformManager.java:1451)
	at org.vertx.java.platform.impl.DefaultPlatformManager.doInstallMod(DefaultPlatformManager.java:1440)
	at org.vertx.java.platform.impl.DefaultPlatformManager.doLoadIncludedModules(DefaultPlatformManager.java:1311)
	at org.vertx.java.platform.impl.DefaultPlatformManager.loadIncludedModules(DefaultPlatformManager.java:1294)
	at org.vertx.java.platform.impl.DefaultPlatformManager.doDeploy(DefaultPlatformManager.java:1704)
	at org.vertx.java.platform.impl.DefaultPlatformManager.doDeployVerticle(DefaultPlatformManager.java:896)
	at org.vertx.java.platform.impl.DefaultPlatformManager.access$1500(DefaultPlatformManager.java:59)
	at org.vertx.java.platform.impl.DefaultPlatformManager$16.run(DefaultPlatformManager.java:522)
	at org.vertx.java.platform.impl.DefaultPlatformManager$15.run(DefaultPlatformManager.java:489)
	at java.base/java.util.concurrent.ThreadPoolExecutor.runWorker(ThreadPoolExecutor.java:1128)
	at java.base/java.util.concurrent.ThreadPoolExecutor$Worker.run(ThreadPoolExecutor.java:628)
	at java.base/java.lang.Thread.run(Thread.java:834)

src\test\resources\integration_tests\groovy|BasicIntegrationTest.groovy|testCompleteOnTimer(com.task.integration.groovy.GroovyIntegrationTests)  Time elapsed: 2.62 sec  <<< ERROR!
org.vertx.java.platform.PlatformManagerException: Module io.vertx~lang-groovy~2.1.1-final not found in any repositories
	at org.vertx.java.platform.impl.DefaultPlatformManager.getModule(DefaultPlatformManager.java:1451)
	at org.vertx.java.platform.impl.DefaultPlatformManager.doInstallMod(DefaultPlatformManager.java:1440)
	at org.vertx.java.platform.impl.DefaultPlatformManager.doLoadIncludedModules(DefaultPlatformManager.java:1311)
	at org.vertx.java.platform.impl.DefaultPlatformManager.loadIncludedModules(DefaultPlatformManager.java:1294)
	at org.vertx.java.platform.impl.DefaultPlatformManager.doDeploy(DefaultPlatformManager.java:1704)
	at org.vertx.java.platform.impl.DefaultPlatformManager.doDeployVerticle(DefaultPlatformManager.java:896)
	at org.vertx.java.platform.impl.DefaultPlatformManager.access$1500(DefaultPlatformManager.java:59)
	at org.vertx.java.platform.impl.DefaultPlatformManager$16.run(DefaultPlatformManager.java:522)
	at org.vertx.java.platform.impl.DefaultPlatformManager$15.run(DefaultPlatformManager.java:489)
	at java.base/java.util.concurrent.ThreadPoolExecutor.runWorker(ThreadPoolExecutor.java:1128)
	at java.base/java.util.concurrent.ThreadPoolExecutor$Worker.run(ThreadPoolExecutor.java:628)
	at java.base/java.lang.Thread.run(Thread.java:834)

src\test\resources\integration_tests\groovy|ModuleIntegrationTest.groovy|testPing(com.task.integration.groovy.GroovyIntegrationTests)  Time elapsed: 1.168 sec  <<< ERROR!
org.vertx.java.platform.PlatformManagerException: Module io.vertx~lang-groovy~2.1.1-final not found in any repositories
	at org.vertx.java.platform.impl.DefaultPlatformManager.getModule(DefaultPlatformManager.java:1451)
	at org.vertx.java.platform.impl.DefaultPlatformManager.doInstallMod(DefaultPlatformManager.java:1440)
	at org.vertx.java.platform.impl.DefaultPlatformManager.doLoadIncludedModules(DefaultPlatformManager.java:1311)
	at org.vertx.java.platform.impl.DefaultPlatformManager.loadIncludedModules(DefaultPlatformManager.java:1294)
	at org.vertx.java.platform.impl.DefaultPlatformManager.doDeploy(DefaultPlatformManager.java:1704)
	at org.vertx.java.platform.impl.DefaultPlatformManager.doDeployVerticle(DefaultPlatformManager.java:896)
	at org.vertx.java.platform.impl.DefaultPlatformManager.access$1500(DefaultPlatformManager.java:59)
	at org.vertx.java.platform.impl.DefaultPlatformManager$16.run(DefaultPlatformManager.java:522)
	at org.vertx.java.platform.impl.DefaultPlatformManager$15.run(DefaultPlatformManager.java:489)
	at java.base/java.util.concurrent.ThreadPoolExecutor.runWorker(ThreadPoolExecutor.java:1128)
	at java.base/java.util.concurrent.ThreadPoolExecutor$Worker.run(ThreadPoolExecutor.java:628)
	at java.base/java.lang.Thread.run(Thread.java:834)

src\test\resources\integration_tests\groovy|ModuleIntegrationTest.groovy|testSomethingElse(com.task.integration.groovy.GroovyIntegrationTests)  Time elapsed: 2.158 sec  <<< ERROR!
org.vertx.java.platform.PlatformManagerException: Module io.vertx~lang-groovy~2.1.1-final not found in any repositories
	at org.vertx.java.platform.impl.DefaultPlatformManager.getModule(DefaultPlatformManager.java:1451)
	at org.vertx.java.platform.impl.DefaultPlatformManager.doInstallMod(DefaultPlatformManager.java:1440)
	at org.vertx.java.platform.impl.DefaultPlatformManager.doLoadIncludedModules(DefaultPlatformManager.java:1311)
	at org.vertx.java.platform.impl.DefaultPlatformManager.loadIncludedModules(DefaultPlatformManager.java:1294)
	at org.vertx.java.platform.impl.DefaultPlatformManager.doDeploy(DefaultPlatformManager.java:1704)
	at org.vertx.java.platform.impl.DefaultPlatformManager.doDeployVerticle(DefaultPlatformManager.java:896)
	at org.vertx.java.platform.impl.DefaultPlatformManager.access$1500(DefaultPlatformManager.java:59)
	at org.vertx.java.platform.impl.DefaultPlatformManager$16.run(DefaultPlatformManager.java:522)
	at org.vertx.java.platform.impl.DefaultPlatformManager$15.run(DefaultPlatformManager.java:489)
	at java.base/java.util.concurrent.ThreadPoolExecutor.runWorker(ThreadPoolExecutor.java:1128)
	at java.base/java.util.concurrent.ThreadPoolExecutor$Worker.run(ThreadPoolExecutor.java:628)
	at java.base/java.lang.Thread.run(Thread.java:834)

