<?xml version="1.0" encoding="UTF-8"?>
<testsuite name="com.task.integration.javascript.JavaScriptIntegrationTests" time="5.923" tests="5" errors="5" skipped="0" failures="0">
  <properties>
[...]
</properties>
  <testcase name="src\test\resources\integration_tests\javascript|basicIntegrationTest.js|testHTTP" classname="com.task.integration.javascript.JavaScriptIntegrationTests" time="1.119">
    <error message="Module io.vertx~lang-rhino~2.1.1 not found in any repositories" type="org.vertx.java.platform.PlatformManagerException">org.vertx.java.platform.PlatformManagerException: Module io.vertx~lang-rhino~2.1.1 not found in any repositories
	at org.vertx.java.platform.impl.DefaultPlatformManager.getModule(DefaultPlatformManager.java:1451)
	at org.vertx.java.platform.impl.DefaultPlatformManager.doInstallMod(DefaultPlatformManager.java:1440)
	at org.vertx.java.platform.impl.DefaultPlatformManager.doLoadIncludedModules(DefaultPlatformManager.java:1311)
	at org.vertx.java.platform.impl.DefaultPlatformManager.loadIncludedModules(DefaultPlatformManager.java:1294)
	at org.vertx.java.platform.impl.DefaultPlatformManager.doDeploy(DefaultPlatformManager.java:1704)
	at org.vertx.java.platform.impl.DefaultPlatformManager.doDeployVerticle(DefaultPlatformManager.java:896)
	at org.vertx.java.platform.impl.DefaultPlatformManager.access$1500(DefaultPlatformManager.java:59)
	at org.vertx.java.platform.impl.DefaultPlatformManager$16.run(DefaultPlatformManager.java:522)
	at org.vertx.java.platform.impl.DefaultPlatformManager$15.run(DefaultPlatformManager.java:489)
	at java.base/java.util.concurrent.ThreadPoolExecutor.runWorker(ThreadPoolExecutor.java:1128)
	at java.base/java.util.concurrent.ThreadPoolExecutor$Worker.run(ThreadPoolExecutor.java:628)
	at java.base/java.lang.Thread.run(Thread.java:834)
</error>
    <system-out>Starting test: src\test\resources\integration_tests\javascript|basicIntegrationTest.js|testHTTP
</system-out>
  </testcase>
  <testcase name="src\test\resources\integration_tests\javascript|basicIntegrationTest.js|testDeployArbitraryVerticle" classname="com.task.integration.javascript.JavaScriptIntegrationTests" time="1.161">
    <error message="Module io.vertx~lang-rhino~2.1.1 not found in any repositories" type="org.vertx.java.platform.PlatformManagerException">org.vertx.java.platform.PlatformManagerException: Module io.vertx~lang-rhino~2.1.1 not found in any repositories
	at org.vertx.java.platform.impl.DefaultPlatformManager.getModule(DefaultPlatformManager.java:1451)
	at org.vertx.java.platform.impl.DefaultPlatformManager.doInstallMod(DefaultPlatformManager.java:1440)
	at org.vertx.java.platform.impl.DefaultPlatformManager.doLoadIncludedModules(DefaultPlatformManager.java:1311)
	at org.vertx.java.platform.impl.DefaultPlatformManager.loadIncludedModules(DefaultPlatformManager.java:1294)
	at org.vertx.java.platform.impl.DefaultPlatformManager.doDeploy(DefaultPlatformManager.java:1704)
	at org.vertx.java.platform.impl.DefaultPlatformManager.doDeployVerticle(DefaultPlatformManager.java:896)
	at org.vertx.java.platform.impl.DefaultPlatformManager.access$1500(DefaultPlatformManager.java:59)
	at org.vertx.java.platform.impl.DefaultPlatformManager$16.run(DefaultPlatformManager.java:522)
	at org.vertx.java.platform.impl.DefaultPlatformManager$15.run(DefaultPlatformManager.java:489)
	at java.base/java.util.concurrent.ThreadPoolExecutor.runWorker(ThreadPoolExecutor.java:1128)
	at java.base/java.util.concurrent.ThreadPoolExecutor$Worker.run(ThreadPoolExecutor.java:628)
	at java.base/java.lang.Thread.run(Thread.java:834)
</error>
    <system-out>Starting test: src\test\resources\integration_tests\javascript|basicIntegrationTest.js|testDeployArbitraryVerticle
</system-out>
  </testcase>
  <testcase name="src\test\resources\integration_tests\javascript|basicIntegrationTest.js|testCompleteOnTimer" classname="com.task.integration.javascript.JavaScriptIntegrationTests" time="1.205">
    <error message="Module io.vertx~lang-rhino~2.1.1 not found in any repositories" type="org.vertx.java.platform.PlatformManagerException">org.vertx.java.platform.PlatformManagerException: Module io.vertx~lang-rhino~2.1.1 not found in any repositories
	at org.vertx.java.platform.impl.DefaultPlatformManager.getModule(DefaultPlatformManager.java:1451)
	at org.vertx.java.platform.impl.DefaultPlatformManager.doInstallMod(DefaultPlatformManager.java:1440)
	at org.vertx.java.platform.impl.DefaultPlatformManager.doLoadIncludedModules(DefaultPlatformManager.java:1311)
	at org.vertx.java.platform.impl.DefaultPlatformManager.loadIncludedModules(DefaultPlatformManager.java:1294)
	at org.vertx.java.platform.impl.DefaultPlatformManager.doDeploy(DefaultPlatformManager.java:1704)
	at org.vertx.java.platform.impl.DefaultPlatformManager.doDeployVerticle(DefaultPlatformManager.java:896)
	at org.vertx.java.platform.impl.DefaultPlatformManager.access$1500(DefaultPlatformManager.java:59)
	at org.vertx.java.platform.impl.DefaultPlatformManager$16.run(DefaultPlatformManager.java:522)
	at org.vertx.java.platform.impl.DefaultPlatformManager$15.run(DefaultPlatformManager.java:489)
	at java.base/java.util.concurrent.ThreadPoolExecutor.runWorker(ThreadPoolExecutor.java:1128)
	at java.base/java.util.concurrent.ThreadPoolExecutor$Worker.run(ThreadPoolExecutor.java:628)
	at java.base/java.lang.Thread.run(Thread.java:834)
</error>
    <system-out>Starting test: src\test\resources\integration_tests\javascript|basicIntegrationTest.js|testCompleteOnTimer
</system-out>
  </testcase>
  <testcase name="src\test\resources\integration_tests\javascript|moduleIntegrationTest.js|testPing" classname="com.task.integration.javascript.JavaScriptIntegrationTests" time="1.256">
    <error message="Module io.vertx~lang-rhino~2.1.1 not found in any repositories" type="org.vertx.java.platform.PlatformManagerException">org.vertx.java.platform.PlatformManagerException: Module io.vertx~lang-rhino~2.1.1 not found in any repositories
	at org.vertx.java.platform.impl.DefaultPlatformManager.getModule(DefaultPlatformManager.java:1451)
	at org.vertx.java.platform.impl.DefaultPlatformManager.doInstallMod(DefaultPlatformManager.java:1440)
	at org.vertx.java.platform.impl.DefaultPlatformManager.doLoadIncludedModules(DefaultPlatformManager.java:1311)
	at org.vertx.java.platform.impl.DefaultPlatformManager.loadIncludedModules(DefaultPlatformManager.java:1294)
	at org.vertx.java.platform.impl.DefaultPlatformManager.doDeploy(DefaultPlatformManager.java:1704)
	at org.vertx.java.platform.impl.DefaultPlatformManager.doDeployVerticle(DefaultPlatformManager.java:896)
	at org.vertx.java.platform.impl.DefaultPlatformManager.access$1500(DefaultPlatformManager.java:59)
	at org.vertx.java.platform.impl.DefaultPlatformManager$16.run(DefaultPlatformManager.java:522)
	at org.vertx.java.platform.impl.DefaultPlatformManager$15.run(DefaultPlatformManager.java:489)
	at java.base/java.util.concurrent.ThreadPoolExecutor.runWorker(ThreadPoolExecutor.java:1128)
	at java.base/java.util.concurrent.ThreadPoolExecutor$Worker.run(ThreadPoolExecutor.java:628)
	at java.base/java.lang.Thread.run(Thread.java:834)
</error>
    <system-out>Starting test: src\test\resources\integration_tests\javascript|moduleIntegrationTest.js|testPing
</system-out>
  </testcase>
  <testcase name="src\test\resources\integration_tests\javascript|moduleIntegrationTest.js|testSomethingElse" classname="com.task.integration.javascript.JavaScriptIntegrationTests" time="1.182">
    <error message="Module io.vertx~lang-rhino~2.1.1 not found in any repositories" type="org.vertx.java.platform.PlatformManagerException">org.vertx.java.platform.PlatformManagerException: Module io.vertx~lang-rhino~2.1.1 not found in any repositories
	at org.vertx.java.platform.impl.DefaultPlatformManager.getModule(DefaultPlatformManager.java:1451)
	at org.vertx.java.platform.impl.DefaultPlatformManager.doInstallMod(DefaultPlatformManager.java:1440)
	at org.vertx.java.platform.impl.DefaultPlatformManager.doLoadIncludedModules(DefaultPlatformManager.java:1311)
	at org.vertx.java.platform.impl.DefaultPlatformManager.loadIncludedModules(DefaultPlatformManager.java:1294)
	at org.vertx.java.platform.impl.DefaultPlatformManager.doDeploy(DefaultPlatformManager.java:1704)
	at org.vertx.java.platform.impl.DefaultPlatformManager.doDeployVerticle(DefaultPlatformManager.java:896)
	at org.vertx.java.platform.impl.DefaultPlatformManager.access$1500(DefaultPlatformManager.java:59)
	at org.vertx.java.platform.impl.DefaultPlatformManager$16.run(DefaultPlatformManager.java:522)
	at org.vertx.java.platform.impl.DefaultPlatformManager$15.run(DefaultPlatformManager.java:489)
	at java.base/java.util.concurrent.ThreadPoolExecutor.runWorker(ThreadPoolExecutor.java:1128)
	at java.base/java.util.concurrent.ThreadPoolExecutor$Worker.run(ThreadPoolExecutor.java:628)
	at java.base/java.lang.Thread.run(Thread.java:834)
</error>
    <system-out>Starting test: src\test\resources\integration_tests\javascript|moduleIntegrationTest.js|testSomethingElse
</system-out>
  </testcase>
</testsuite>